<?xml version="1.0" encoding="UTF-8"?>
<robot generator="Robot 7.0.1 (Python 3.14.7 on darwin)" generated="2026-09-18T10:01:12.253537" rpa="false" schemaversion="5">
<suite id="s1" name="Tests" source="/Users/reubenmiller/dev/projects/thin-edge.io/code/tedge-dot/connectors/opcua/interop/tests">
<suite id="s1-s1" name="Opcua Interop" source="/Users/reubenmiller/dev/projects/thin-edge.io/code/tedge-dot/connectors/opcua/interop/tests/opcua_interop.robot">
<kw name="Setup Interop Stack" type="SETUP">
<kw name="Setup OT Stack" owner="stack">
<kw name="Set Variable If" owner="BuiltIn">
<msg time="2026-09-18T10:01:12.422445" level="INFO">${compose_file} = /Users/reubenmiller/dev/projects/thin-edge.io/code/tedge-dot/connectors/opcua/interop/tests/../docker-compose.yaml</msg>
<var>${compose_file}</var>
<arg>"${compose_file}" == "${EMPTY}"</arg>
<arg>/Users/reubenmiller/dev/projects/thin-edge.io/code/tedge-dot/connectors/_shared/../${protocol}/docker-compose.yaml</arg>
<arg>${compose_file}</arg>
<doc>Sets variable based on the given condition.</doc>
<status status="PASS" start="2026-09-18T10:01:12.422197" elapsed="0.000267"/>
</kw>
<kw name="Evaluate" owner="BuiltIn">
<msg time="2026-09-18T10:01:12.422640" level="INFO">${cleanup} = True</msg>
<var>${cleanup}</var>
<arg>not $KEEP_STACK</arg>
<doc>Evaluates the given expression in Python and returns the result.</doc>
<status status="PASS" start="2026-09-18T10:01:12.422533" elapsed="0.000118"/>
</kw>
<kw name="Setup" owner="DeviceLibrary">
<msg time="2026-09-18T10:01:12.423685" level="INFO">Using additional configuration provided as kwargs. {'compose_file': '/Users/reubenmiller/dev/projects/thin-edge.io/code/tedge-dot/connectors/opcua/interop/tests/../docker-compose.yaml', 'device_service': '', 'build': True, 'wait_timeout': '240'}</msg>
<msg time="2026-09-18T10:01:12.639428" level="INFO">Creating compose stack. project=tst_jettison_dense_block, file=/Users/reubenmiller/dev/projects/thin-edge.io/code/tedge-dot/connectors/opcua/interop/docker-compose.yaml, device_service=connector</msg>
<msg time="2026-09-18T10:01:22.864557" level="INFO">Compose stack ready. project=tst_jettison_dense_block, duration=10.225s</msg>
<msg time="2026-09-18T10:01:23.132241" level="INFO">cmd: ['/bin/sh', '-c', 'date +%s%N'], exit code: 0
stdout:
1789718483181599289

stderr:
&lt;&lt;empty&gt;&gt;</msg>
<msg time="2026-09-18T10:01:23.132617" level="INFO">${serial} = TST_jettison_dense_block</msg>
<var>${serial}</var>
<arg>compose_file=${compose_file}</arg>
<arg>device_service=${device_service}</arg>
<arg>skip_bootstrap=${True}</arg>
<arg>build=${True}</arg>
<arg>wait_timeout=${STACK_WAIT_TIMEOUT}</arg>
<arg>cleanup=${cleanup}</arg>
<doc>Create a device to use for testing</doc>
<status status="PASS" start="2026-09-18T10:01:12.422704" elapsed="10.709964"/>
</kw>
<kw name="Set Suite Variable" owner="BuiltIn">
<msg time="2026-09-18T10:01:23.133205" level="INFO">${STACK_SERIAL} = TST_jettison_dense_block</msg>
<arg>$STACK_SERIAL</arg>
<arg>${serial}</arg>
<doc>Makes a variable available everywhere within the scope of the current suite.</doc>
<status status="PASS" start="2026-09-18T10:01:23.132997" elapsed="0.000229"/>
</kw>
<kw name="Get Compose Project Name" owner="DeviceLibrary">
<msg time="2026-09-18T10:01:23.133379" level="INFO">${project} = tst_jettison_dense_block</msg>
<var>${project}</var>
<doc>Get the docker compose project name of the stack a device belongs
to. The project name defaults to the device serial number, so the
stack can be easily identified, e.g. to inspect it manually using
'docker compose -p &lt;project_name&gt; ps'.</doc>
<status status="PASS" start="2026-09-18T10:01:23.133308" elapsed="0.000084"/>
</kw>
<kw name="Log" owner="BuiltIn">
<msg time="2026-09-18T10:01:23.133522" level="INFO">Started opcua stack as compose project 'tst_jettison_dense_block' (device TST_jettison_dense_block)</msg>
<arg>Started ${protocol} stack as compose project '${project}' (device ${serial})</arg>
<doc>Logs the given message with the given level.</doc>
<status status="PASS" start="2026-09-18T10:01:23.133439" elapsed="0.000100"/>
</kw>
<kw name="Get Environment Variable" owner="OperatingSystem">
<msg time="2026-09-18T10:01:23.133663" level="INFO">${impl} = c</msg>
<var>${impl}</var>
<arg>IMPL</arg>
<arg>rust</arg>
<doc>Returns the value of an environment variable with the given name.</doc>
<status status="PASS" start="2026-09-18T10:01:23.133592" elapsed="0.000080"/>
</kw>
<kw name="Get Container Name" owner="DeviceLibrary">
<msg time="2026-09-18T10:01:23.133779" level="INFO">${container} = tst_jettison_dense_block-connector-1</msg>
<var>${container}</var>
<doc>Get the docker container name of a device, e.g. to inspect the
container manually using the docker cli.</doc>
<status status="PASS" start="2026-09-18T10:01:23.133722" elapsed="0.000065"/>
</kw>
<kw name="Log" owner="BuiltIn">
<msg time="2026-09-18T10:01:23.133879" level="INFO">Connector under test: c implementation (container tst_jettison_dense_block-connector-1)</msg>
<arg>Connector under test: ${impl} implementation (container ${container})</arg>
<doc>Logs the given message with the given level.</doc>
<status status="PASS" start="2026-09-18T10:01:23.133827" elapsed="0.000067"/>
</kw>
<kw name="Connector Implementation Should Be" owner="stack">
<kw name="Execute Command" owner="DeviceLibrary">
<msg time="2026-09-18T10:01:23.178468" level="INFO">cmd: ['/bin/sh', '-c', 'ldd /usr/bin/tedge-dot 2&gt;/dev/null | grep -c libcjson || true'], exit code: 0
stdout:
1

stderr:
&lt;&lt;empty&gt;&gt;</msg>
<msg time="2026-09-18T10:01:23.178606" level="INFO">${links_cjson} = 1</msg>
<var>${links_cjson}</var>
<arg>cmd=ldd /usr/bin/tedge-dot 2&gt;/dev/null | grep -c libcjson || true</arg>
<arg>strip=${True}</arg>
<doc>Execute a command on the device</doc>
<status status="PASS" start="2026-09-18T10:01:23.134222" elapsed="0.044398"/>
</kw>
<if>
<branch type="IF" condition="&quot;${impl}&quot; == &quot;c&quot;">
<kw name="Should Not Be Equal" owner="BuiltIn">
<arg>${links_cjson}</arg>
<arg>0</arg>
<arg>msg=IMPL=c but /usr/bin/tedge-dot does not link libcjson - this is the Rust build</arg>
<doc>Fails if the given objects are equal.</doc>
<status status="PASS" start="2026-09-18T10:01:23.178959" elapsed="0.000160"/>
</kw>
<status status="PASS" start="2026-09-18T10:01:23.178769" elapsed="0.000380"/>
</branch>
<branch type="ELSE">
<kw name="Should Be Equal" owner="BuiltIn">
<arg>${links_cjson}</arg>
<arg>0</arg>
<arg>msg=IMPL=${impl} but /usr/bin/tedge-dot links libcjson - this is the C build</arg>
<doc>Fails if the given objects are unequal.</doc>
<status status="NOT RUN" start="2026-09-18T10:01:23.179244" elapsed="0.000010"/>
</kw>
<status status="NOT RUN" start="2026-09-18T10:01:23.179180" elapsed="0.000094"/>
</branch>
<status status="PASS" start="2026-09-18T10:01:23.178731" elapsed="0.000554"/>
</if>
<arg>${impl}</arg>
<doc>Assert the container really runs the implementation under test.</doc>
<status status="PASS" start="2026-09-18T10:01:23.134077" elapsed="0.045246"/>
</kw>
<kw name="Set Suite Variable" owner="BuiltIn">
<msg time="2026-09-18T10:01:23.179462" level="INFO">${BROKER_PORT_PINNED} = </msg>
<arg>$BROKER_PORT_PINNED</arg>
<arg>${broker_port}</arg>
<doc>Makes a variable available everywhere within the scope of the current suite.</doc>
<status status="PASS" start="2026-09-18T10:01:23.179375" elapsed="0.000107"/>
</kw>
<if>
<branch type="IF" condition="&quot;${broker_port}&quot; == &quot;${EMPTY}&quot;">
<kw name="Get Service Port" owner="DeviceLibrary">
<msg time="2026-09-18T10:01:23.193872" level="INFO">${host} = 127.0.0.1</msg>
<msg time="2026-09-18T10:01:23.193902" level="INFO">${port} = 33571</msg>
<var>${host}</var>
<var>${port}</var>
<arg>service=broker</arg>
<arg>port=${BROKER_CONTAINER_PORT}</arg>
<doc>Get the host address/port under which an (ephemeral) published
container port of a compose service is reachable from the test host.</doc>
<status status="PASS" start="2026-09-18T10:01:23.179814" elapsed="0.014099"/>
</kw>
<status status="PASS" start="2026-09-18T10:01:23.179516" elapsed="0.014432"/>
</branch>
<branch type="ELSE">
<kw name="Set Variable" owner="BuiltIn">
<var>${host}</var>
<var>${port}</var>
<arg>localhost</arg>
<arg>${broker_port}</arg>
<doc>Returns the given values which can then be assigned to a variables.</doc>
<status status="NOT RUN" start="2026-09-18T10:01:23.194049" elapsed="0.000031"/>
</kw>
<status status="NOT RUN" start="2026-09-18T10:01:23.193967" elapsed="0.000169"/>
</branch>
<status status="PASS" start="2026-09-18T10:01:23.179508" elapsed="0.014642"/>
</if>
<kw name="Set Suite Variable" owner="BuiltIn">
<msg time="2026-09-18T10:01:23.194317" level="INFO">${BROKER_HOST} = 127.0.0.1</msg>
<arg>$BROKER_HOST</arg>
<arg>${host}</arg>
<doc>Makes a variable available everywhere within the scope of the current suite.</doc>
<status status="PASS" start="2026-09-18T10:01:23.194209" elapsed="0.000127"/>
</kw>
<kw name="Set Suite Variable" owner="BuiltIn">
<msg time="2026-09-18T10:01:23.194458" level="INFO">${BROKER_PORT} = 33571</msg>
<arg>$BROKER_PORT</arg>
<arg>${port}</arg>
<doc>Makes a variable available everywhere within the scope of the current suite.</doc>
<status status="PASS" start="2026-09-18T10:01:23.194391" elapsed="0.000081"/>
</kw>
<kw name="Log" owner="BuiltIn">
<msg time="2026-09-18T10:01:23.194577" level="INFO">Broker reachable on 127.0.0.1:33571</msg>
<arg>Broker reachable on ${host}:${port}</arg>
<doc>Logs the given message with the given level.</doc>
<status status="PASS" start="2026-09-18T10:01:23.194515" elapsed="0.000079"/>
</kw>
<kw name="Connect Broker" owner="MqttClient">
<msg time="2026-09-18T10:01:23.202843" level="INFO">connected to mqtt broker 127.0.0.1:33571</msg>
<arg>${host}</arg>
<arg>${port}</arg>
<doc>Connect to the MQTT broker and start the network loop.</doc>
<status status="PASS" start="2026-09-18T10:01:23.194637" elapsed="0.008409"/>
</kw>
<kw name="Subscribe" owner="MqttClient">
<msg time="2026-09-18T10:01:23.203795" level="INFO">subscribed to te/#</msg>
<arg>te/#</arg>
<doc>Subscribe to a topic filter (default everything).</doc>
<status status="PASS" start="2026-09-18T10:01:23.203264" elapsed="0.000603"/>
</kw>
<arg>opcua</arg>
<arg>compose_file=/Users/reubenmiller/dev/projects/thin-edge.io/code/tedge-dot/connectors/opcua/interop/tests/../docker-compose.yaml</arg>
<doc>Start the protocol's compose stack and subscribe to the broker.
`broker_port` pins the host port for stacks whose broker runs in the host network
namespace (canbus, canopen); leave it empty to resolve the published ephemeral port.
`compose_file` selects another stack of the protocol (e.g. its multi-device one);
empty means `connectors/&lt;protocol&gt;/docker-compose.yaml`.</doc>
<status status="PASS" start="2026-09-18T10:01:12.421579" elapsed="10.782389"/>
</kw>
<status status="PASS" start="2026-09-18T10:01:12.421370" elapsed="10.783045"/>
</kw>
<test id="s1-s1-t1" name="Every Supported Policy And Mode Connects" line="33">
<kw name="Device Connects With">
<kw name="Wait For Link Status">
<kw name="Set Variable" owner="BuiltIn">
<msg time="2026-09-18T10:01:23.246849" level="INFO">${topic} = te/device/b256-sign/ot/opcua/status/link</msg>
<var>${topic}</var>
<arg>te/device/${device}/ot/${PROTOCOL}/status/link</arg>
<doc>Returns the given values which can then be assigned to a variables.</doc>
<status status="PASS" start="2026-09-18T10:01:23.246758" elapsed="0.000109"/>
</kw>
<kw name="Wait For Fresh Message With Field" owner="MqttClient">
<msg time="2026-09-18T10:03:53.352201" level="FAIL">timed out waiting for a fresh message with status in ('connected',) on topic te/device/b256-sign/ot/opcua/status/link</msg>
<var>${payload}</var>
<arg>${topic}</arg>
<arg>status</arg>
<arg>${status}</arg>
<arg>timeout=${READY_TIMEOUT}</arg>
<arg>since=0</arg>
<doc>Wait for a message arriving after `since` (a `Get Message Mark`, default: this call)
whose JSON `field` (dotted path) is one of `values`; return its payload.</doc>
<status status="FAIL" start="2026-09-18T10:01:23.246926" elapsed="150.110074">timed out waiting for a fresh message with status in ('connected',) on topic te/device/b256-sign/ot/opcua/status/link</status>
</kw>
<return>
<value>${payload}</value>
<status status="NOT RUN" start="2026-09-18T10:03:53.358019" elapsed="0.000201"/>
</return>
<var>${link}</var>
<arg>${device}</arg>
<arg>connected</arg>
<doc>Wait for the device's retained link status to be `status`; return it.</doc>
<status status="FAIL" start="2026-09-18T10:01:23.246589" elapsed="150.115474">timed out waiting for a fresh message with status in ('connected',) on topic te/device/b256-sign/ot/opcua/status/link</status>
</kw>
<kw name="Should Be Equal" owner="BuiltIn">
<arg>${{ json.loads($link)["info"]["security_policy"] }}</arg>
<arg>${policy}</arg>
<doc>Fails if the given objects are unequal.</doc>
<status status="NOT RUN" start="2026-09-18T10:03:53.363196" elapsed="0.000020"/>
</kw>
<kw name="Should Be Equal" owner="BuiltIn">
<arg>${{ json.loads($link)["info"]["security_mode"] }}</arg>
<arg>${mode}</arg>
<doc>Fails if the given objects are unequal.</doc>
<status status="NOT RUN" start="2026-09-18T10:03:53.363275" elapsed="0.000008"/>
</kw>
<kw name="Sample Should Be">
<arg>${device}</arg>
<arg>double</arg>
<arg>${DOUBLE}</arg>
<doc>The device's next sample of `point` carries `expected`, compared as a
number. Robot variables are strings, and the published value is JSON, so
the comparison has to name the type rather than guess it.</doc>
<status status="NOT RUN" start="2026-09-18T10:03:53.363670" elapsed="0.000035"/>
</kw>
<arg>b256-sign</arg>
<arg>Basic256Sha256</arg>
<arg>sign</arg>
<doc>The device is connected and reports the effective policy and mode.</doc>
<status status="FAIL" start="2026-09-18T10:01:23.246275" elapsed="150.117524">timed out waiting for a fresh message with status in ('connected',) on topic te/device/b256-sign/ot/opcua/status/link</status>
</kw>
<kw name="Device Connects With">
<kw name="Wait For Link Status">
<kw name="Set Variable" owner="BuiltIn">
<msg time="2026-09-18T10:03:53.364632" level="INFO">${topic} = te/device/b256-seal/ot/opcua/status/link</msg>
<var>${topic}</var>
<arg>te/device/${device}/ot/${PROTOCOL}/status/link</arg>
<doc>Returns the given values which can then be assigned to a variables.</doc>
<status status="PASS" start="2026-09-18T10:03:53.364480" elapsed="0.000165"/>
</kw>
<kw name="Wait For Fresh Message With Field" owner="MqttClient">
<msg time="2026-09-18T10:06:23.444990" level="FAIL">timed out waiting for a fresh message with status in ('connected',) on topic te/device/b256-seal/ot/opcua/status/link</msg>
<var>${payload}</var>
<arg>${topic}</arg>
<arg>status</arg>
<arg>${status}</arg>
<arg>timeout=${READY_TIMEOUT}</arg>
<arg>since=0</arg>
<doc>Wait for a message arriving after `since` (a `Get Message Mark`, default: this call)
whose JSON `field` (dotted path) is one of `values`; return its payload.</doc>
<status status="FAIL" start="2026-09-18T10:03:53.364715" elapsed="150.084487">timed out waiting for a fresh message with status in ('connected',) on topic te/device/b256-seal/ot/opcua/status/link</status>
</kw>
<return>
<value>${payload}</value>
<status status="NOT RUN" start="2026-09-18T10:06:23.449855" elapsed="0.000196"/>
</return>
<var>${link}</var>
<arg>${device}</arg>
<arg>connected</arg>
<doc>Wait for the device's retained link status to be `status`; return it.</doc>
<status status="FAIL" start="2026-09-18T10:03:53.364352" elapsed="150.086551">timed out waiting for a fresh message with status in ('connected',) on topic te/device/b256-seal/ot/opcua/status/link</status>
</kw>
<kw name="Should Be Equal" owner="BuiltIn">
<arg>${{ json.loads($link)["info"]["security_policy"] }}</arg>
<arg>${policy}</arg>
<doc>Fails if the given objects are unequal.</doc>
<status status="NOT RUN" start="2026-09-18T10:06:23.452266" elapsed="0.000045"/>
</kw>
<kw name="Should Be Equal" owner="BuiltIn">
<arg>${{ json.loads($link)["info"]["security_mode"] }}</arg>
<arg>${mode}</arg>
<doc>Fails if the given objects are unequal.</doc>
<status status="NOT RUN" start="2026-09-18T10:06:23.452442" elapsed="0.000015"/>
</kw>
<kw name="Sample Should Be">
<arg>${device}</arg>
<arg>double</arg>
<arg>${DOUBLE}</arg>
<doc>The device's next sample of `point` carries `expected`, compared as a
number. Robot variables are strings, and the published value is JSON, so
the comparison has to name the type rather than guess it.</doc>
<status status="NOT RUN" start="2026-09-18T10:06:23.452989" elapsed="0.000020"/>
</kw>
<arg>b256-seal</arg>
<arg>Basic256Sha256</arg>
<arg>sign_and_encrypt</arg>
<doc>The device is connected and reports the effective policy and mode.</doc>
<status status="FAIL" start="2026-09-18T10:03:53.363919" elapsed="150.089271">timed out waiting for a fresh message with status in ('connected',) on topic te/device/b256-seal/ot/opcua/status/link</status>
</kw>
<kw name="Device Connects With">
<kw name="Wait For Link Status">
<kw name="Set Variable" owner="BuiltIn">
<msg time="2026-09-18T10:06:23.454976" level="INFO">${topic} = te/device/aes128/ot/opcua/status/link</msg>
<var>${topic}</var>
<arg>te/device/${device}/ot/${PROTOCOL}/status/link</arg>
<doc>Returns the given values which can then be assigned to a variables.</doc>
<status status="PASS" start="2026-09-18T10:06:23.454479" elapsed="0.000530"/>
</kw>
<kw name="Wait For Fresh Message With Field" owner="MqttClient">
<msg time="2026-09-18T10:08:53.538178" level="FAIL">timed out waiting for a fresh message with status in ('connected',) on topic te/device/aes128/ot/opcua/status/link</msg>
<var>${payload}</var>
<arg>${topic}</arg>
<arg>status</arg>
<arg>${status}</arg>
<arg>timeout=${READY_TIMEOUT}</arg>
<arg>since=0</arg>
<doc>Wait for a message arriving after `since` (a `Get Message Mark`, default: this call)
whose JSON `field` (dotted path) is one of `values`; return its payload.</doc>
<status status="FAIL" start="2026-09-18T10:06:23.455120" elapsed="150.084858">timed out waiting for a fresh message with status in ('connected',) on topic te/device/aes128/ot/opcua/status/link</status>
</kw>
<return>
<value>${payload}</value>
<status status="NOT RUN" start="2026-09-18T10:08:53.540495" elapsed="0.000081"/>
</return>
<var>${link}</var>
<arg>${device}</arg>
<arg>connected</arg>
<doc>Wait for the device's retained link status to be `status`; return it.</doc>
<status status="FAIL" start="2026-09-18T10:06:23.454192" elapsed="150.086695">timed out waiting for a fresh message with status in ('connected',) on topic te/device/aes128/ot/opcua/status/link</status>
</kw>
<kw name="Should Be Equal" owner="BuiltIn">
<arg>${{ json.loads($link)["info"]["security_policy"] }}</arg>
<arg>${policy}</arg>
<doc>Fails if the given objects are unequal.</doc>
<status status="NOT RUN" start="2026-09-18T10:08:53.541583" elapsed="0.000020"/>
</kw>
<kw name="Should Be Equal" owner="BuiltIn">
<arg>${{ json.loads($link)["info"]["security_mode"] }}</arg>
<arg>${mode}</arg>
<doc>Fails if the given objects are unequal.</doc>
<status status="NOT RUN" start="2026-09-18T10:08:53.541662" elapsed="0.000009"/>
</kw>
<kw name="Sample Should Be">
<arg>${device}</arg>
<arg>double</arg>
<arg>${DOUBLE}</arg>
<doc>The device's next sample of `point` carries `expected`, compared as a
number. Robot variables are strings, and the published value is JSON, so
the comparison has to name the type rather than guess it.</doc>
<status status="NOT RUN" start="2026-09-18T10:08:53.546771" elapsed="0.000082"/>
</kw>
<arg>aes128</arg>
<arg>Aes128_Sha256_RsaOaep</arg>
<arg>sign_and_encrypt</arg>
<doc>The device is connected and reports the effective policy and mode.</doc>
<status status="FAIL" start="2026-09-18T10:06:23.453376" elapsed="150.093765">timed out waiting for a fresh message with status in ('connected',) on topic te/device/aes128/ot/opcua/status/link</status>
</kw>
<kw name="Device Connects With">
<kw name="Wait For Link Status">
<kw name="Set Variable" owner="BuiltIn">
<msg time="2026-09-18T10:08:53.549960" level="INFO">${topic} = te/device/aes256/ot/opcua/status/link</msg>
<var>${topic}</var>
<arg>te/device/${device}/ot/${PROTOCOL}/status/link</arg>
<doc>Returns the given values which can then be assigned to a variables.</doc>
<status status="PASS" start="2026-09-18T10:08:53.549721" elapsed="0.000261"/>
</kw>
<kw name="Wait For Fresh Message With Field" owner="MqttClient">
<msg time="2026-09-18T10:11:23.626876" level="FAIL">timed out waiting for a fresh message with status in ('connected',) on topic te/device/aes256/ot/opcua/status/link</msg>
<var>${payload}</var>
<arg>${topic}</arg>
<arg>status</arg>
<arg>${status}</arg>
<arg>timeout=${READY_TIMEOUT}</arg>
<arg>since=0</arg>
<doc>Wait for a message arriving after `since` (a `Get Message Mark`, default: this call)
whose JSON `field` (dotted path) is one of `values`; return its payload.</doc>
<status status="FAIL" start="2026-09-18T10:08:53.550071" elapsed="150.082224">timed out waiting for a fresh message with status in ('connected',) on topic te/device/aes256/ot/opcua/status/link</status>
</kw>
<return>
<value>${payload}</value>
<status status="NOT RUN" start="2026-09-18T10:11:23.632710" elapsed="0.000066"/>
</return>
<var>${link}</var>
<arg>${device}</arg>
<arg>connected</arg>
<doc>Wait for the device's retained link status to be `status`; return it.</doc>
<status status="FAIL" start="2026-09-18T10:08:53.549520" elapsed="150.083495">timed out waiting for a fresh message with status in ('connected',) on topic te/device/aes256/ot/opcua/status/link</status>
</kw>
<kw name="Should Be Equal" owner="BuiltIn">
<arg>${{ json.loads($link)["info"]["security_policy"] }}</arg>
<arg>${policy}</arg>
<doc>Fails if the given objects are unequal.</doc>
<status status="NOT RUN" start="2026-09-18T10:11:23.633542" elapsed="0.000016"/>
</kw>
<kw name="Should Be Equal" owner="BuiltIn">
<arg>${{ json.loads($link)["info"]["security_mode"] }}</arg>
<arg>${mode}</arg>
<doc>Fails if the given objects are unequal.</doc>
<status status="NOT RUN" start="2026-09-18T10:11:23.633623" elapsed="0.000009"/>
</kw>
<kw name="Sample Should Be">
<arg>${device}</arg>
<arg>double</arg>
<arg>${DOUBLE}</arg>
<doc>The device's next sample of `point` carries `expected`, compared as a
number. Robot variables are strings, and the published value is JSON, so
the comparison has to name the type rather than guess it.</doc>
<status status="NOT RUN" start="2026-09-18T10:11:23.634008" elapsed="0.000016"/>
</kw>
<arg>aes256</arg>
<arg>Aes256_Sha256_RsaPss</arg>
<arg>sign_and_encrypt</arg>
<doc>The device is connected and reports the effective policy and mode.</doc>
<status status="FAIL" start="2026-09-18T10:08:53.548718" elapsed="150.085366">timed out waiting for a fresh message with status in ('connected',) on topic te/device/aes256/ot/opcua/status/link</status>
</kw>
<doc>Each policy the connector supports, negotiated with a real server, and
the effective policy and mode reported back in the link status.
Aes128_Sha256_RsaOaep had never been exercised positively before: our own
simulators only ever offered it to produce a "no matching endpoint"
reason.</doc>
<status status="FAIL" start="2026-09-18T10:01:23.204558" elapsed="600.429893">Several failures occurred:

1) timed out waiting for a fresh message with status in ('connected',) on topic te/device/b256-sign/ot/opcua/status/link

2) timed out waiting for a fresh message with status in ('connected',) on topic te/device/b256-seal/ot/opcua/status/link

3) timed out waiting for a fresh message with status in ('connected',) on topic te/device/aes128/ot/opcua/status/link

4) timed out waiting for a fresh message with status in ('connected',) on topic te/device/aes256/ot/opcua/status/link</status>
</test>
<test id="s1-s1-t2" name="Unsecured Channel Connects And Reads Every Datatype" line="45">
<kw name="Wait For Link Status">
<kw name="Set Variable" owner="BuiltIn">
<msg time="2026-09-18T10:11:23.724496" level="INFO">${topic} = te/device/plain/ot/opcua/status/link</msg>
<var>${topic}</var>
<arg>te/device/${device}/ot/${PROTOCOL}/status/link</arg>
<doc>Returns the given values which can then be assigned to a variables.</doc>
<status status="PASS" start="2026-09-18T10:11:23.724053" elapsed="0.000497"/>
</kw>
<kw name="Wait For Fresh Message With Field" owner="MqttClient">
<msg time="2026-09-18T10:11:23.725288" level="INFO">${payload} = {"status":"connected","points":["double","bool","int32","string"],"since":"2026-09-18T08:01:22.467Z","info":{"endpoint":"opc.tcp://ref-all:4840/UA/TestServer","security_policy":"None","security_mode":...</msg>
<var>${payload}</var>
<arg>${topic}</arg>
<arg>status</arg>
<arg>${status}</arg>
<arg>timeout=${READY_TIMEOUT}</arg>
<arg>since=0</arg>
<doc>Wait for a message arriving after `since` (a `Get Message Mark`, default: this call)
whose JSON `field` (dotted path) is one of `values`; return its payload.</doc>
<status status="PASS" start="2026-09-18T10:11:23.724721" elapsed="0.000596"/>
</kw>
<return>
<value>${payload}</value>
<status status="PASS" start="2026-09-18T10:11:23.725456" elapsed="0.000071"/>
</return>
<arg>plain</arg>
<arg>connected</arg>
<doc>Wait for the device's retained link status to be `status`; return it.</doc>
<status status="PASS" start="2026-09-18T10:11:23.723391" elapsed="0.002274"/>
</kw>
<kw name="Sample Should Be">
<kw name="Sample Value">
<kw name="Wait For Sample" owner="MqttClient">
<msg time="2026-09-18T10:11:24.139276" level="INFO">${sample} = {"ts":"2026-09-18T08:11:24.161Z","ts_ms":1789719084161.5581,"device":"plain","protocol":"opcua","point":"double","mode":"typed","datatype":"float64","value":2.71828,"value_repr":"number","raw":"40 05 ...</msg>
<var>${sample}</var>
<arg>te/device/${device}/ot/${PROTOCOL}/sample/${point}</arg>
<arg>timeout=${SAMPLE_TIMEOUT}</arg>
<doc>Wait for a message that arrives AFTER this call; return its payload.</doc>
<status status="PASS" start="2026-09-18T10:11:23.726587" elapsed="0.412718"/>
</kw>
<kw name="Get Json Field" owner="MqttClient">
<msg time="2026-09-18T10:11:24.139629" level="INFO">${value} = 2.71828</msg>
<var>${value}</var>
<arg>${sample}</arg>
<arg>value</arg>
<doc>Return a field from a JSON payload (dotted path supported).</doc>
<status status="PASS" start="2026-09-18T10:11:24.139481" elapsed="0.000162"/>
</kw>
<return>
<value>${value}</value>
<status status="PASS" start="2026-09-18T10:11:24.139685" elapsed="0.000026"/>
</return>
<msg time="2026-09-18T10:11:24.139773" level="INFO">${value} = 2.71828</msg>
<var>${value}</var>
<arg>${device}</arg>
<arg>${point}</arg>
<status status="PASS" start="2026-09-18T10:11:23.726219" elapsed="0.413564"/>
</kw>
<kw name="Should Be Equal As Numbers" owner="BuiltIn">
<msg time="2026-09-18T10:11:24.139945" level="INFO">Argument types are:
&lt;class 'float'&gt;
&lt;class 'str'&gt;</msg>
<arg>${value}</arg>
<arg>${expected}</arg>
<doc>Fails if objects are unequal after converting them to real numbers.</doc>
<status status="PASS" start="2026-09-18T10:11:24.139842" elapsed="0.000144"/>
</kw>
<arg>plain</arg>
<arg>double</arg>
<arg>${DOUBLE}</arg>
<doc>The device's next sample of `point` carries `expected`, compared as a
number. Robot variables are strings, and the published value is JSON, so
the comparison has to name the type rather than guess it.</doc>
<status status="PASS" start="2026-09-18T10:11:23.725827" elapsed="0.414191"/>
</kw>
<kw name="Sample Should Be">
<kw name="Sample Value">
<kw name="Wait For Sample" owner="MqttClient">
<msg time="2026-09-18T10:11:25.181824" level="INFO">${sample} = {"ts":"2026-09-18T08:11:25.177Z","ts_ms":1789719085177.8911,"device":"plain","protocol":"opcua","point":"bool","mode":"typed","datatype":"bool","value":true,"value_repr":"boolean","raw":"01","quality"...</msg>
<var>${sample}</var>
<arg>te/device/${device}/ot/${PROTOCOL}/sample/${point}</arg>
<arg>timeout=${SAMPLE_TIMEOUT}</arg>
<doc>Wait for a message that arrives AFTER this call; return its payload.</doc>
<status status="PASS" start="2026-09-18T10:11:24.140510" elapsed="1.041865"/>
</kw>
<kw name="Get Json Field" owner="MqttClient">
<msg time="2026-09-18T10:11:25.183795" level="INFO">${value} = True</msg>
<var>${value}</var>
<arg>${sample}</arg>
<arg>value</arg>
<doc>Return a field from a JSON payload (dotted path supported).</doc>
<status status="PASS" start="2026-09-18T10:11:25.183331" elapsed="0.000499"/>
</kw>
<return>
<value>${value}</value>
<status status="PASS" start="2026-09-18T10:11:25.183917" elapsed="0.000184"/>
</return>
<msg time="2026-09-18T10:11:25.184449" level="INFO">${value} = True</msg>
<var>${value}</var>
<arg>${device}</arg>
<arg>${point}</arg>
<status status="PASS" start="2026-09-18T10:11:24.140406" elapsed="1.044072"/>
</kw>
<kw name="Should Be Equal As Numbers" owner="BuiltIn">
<msg time="2026-09-18T10:11:25.185153" level="INFO">Argument types are:
&lt;class 'bool'&gt;
&lt;class 'int'&gt;</msg>
<arg>${value}</arg>
<arg>${expected}</arg>
<doc>Fails if objects are unequal after converting them to real numbers.</doc>
<status status="PASS" start="2026-09-18T10:11:25.184776" elapsed="0.001526"/>
</kw>
<arg>plain</arg>
<arg>bool</arg>
<arg>${1}</arg>
<doc>The device's next sample of `point` carries `expected`, compared as a
number. Robot variables are strings, and the published value is JSON, so
the comparison has to name the type rather than guess it.</doc>
<status status="PASS" start="2026-09-18T10:11:24.140095" elapsed="1.046266"/>
</kw>
<kw name="Sample Should Be">
<kw name="Sample Value">
<kw name="Wait For Sample" owner="MqttClient">
<msg time="2026-09-18T10:11:26.231126" level="INFO">${sample} = {"ts":"2026-09-18T08:11:26.202Z","ts_ms":1789719086202.1389,"device":"plain","protocol":"opcua","point":"int32","mode":"typed","datatype":"int32","value":-100000,"value_repr":"number","raw":"ff fe 79 ...</msg>
<var>${sample}</var>
<arg>te/device/${device}/ot/${PROTOCOL}/sample/${point}</arg>
<arg>timeout=${SAMPLE_TIMEOUT}</arg>
<doc>Wait for a message that arrives AFTER this call; return its payload.</doc>
<status status="PASS" start="2026-09-18T10:11:25.187008" elapsed="1.044146"/>
</kw>
<kw name="Get Json Field" owner="MqttClient">
<msg time="2026-09-18T10:11:26.231369" level="INFO">${value} = -100000</msg>
<var>${value}</var>
<arg>${sample}</arg>
<arg>value</arg>
<doc>Return a field from a JSON payload (dotted path supported).</doc>
<status status="PASS" start="2026-09-18T10:11:26.231255" elapsed="0.000123"/>
</kw>
<return>
<value>${value}</value>
<status status="PASS" start="2026-09-18T10:11:26.231404" elapsed="0.000024"/>
</return>
<msg time="2026-09-18T10:11:26.231479" level="INFO">${value} = -100000</msg>
<var>${value}</var>
<arg>${device}</arg>
<arg>${point}</arg>
<status status="PASS" start="2026-09-18T10:11:25.186863" elapsed="1.044625"/>
</kw>
<kw name="Should Be Equal As Numbers" owner="BuiltIn">
<arg>${value}</arg>
<arg>${expected}</arg>
<doc>Fails if objects are unequal after converting them to real numbers.</doc>
<status status="PASS" start="2026-09-18T10:11:26.231533" elapsed="0.000077"/>
</kw>
<arg>plain</arg>
<arg>int32</arg>
<arg>${-100000}</arg>
<doc>The device's next sample of `point` carries `expected`, compared as a
number. Robot variables are strings, and the published value is JSON, so
the comparison has to name the type rather than guess it.</doc>
<status status="PASS" start="2026-09-18T10:11:25.186476" elapsed="1.045158"/>
</kw>
<kw name="Sample String Should Be">
<kw name="Sample Value">
<kw name="Wait For Sample" owner="MqttClient">
<msg time="2026-09-18T10:11:27.165065" level="INFO">${sample} = {"ts":"2026-09-18T08:11:27.207Z","ts_ms":1789719087207.198,"device":"plain","protocol":"opcua","point":"string","mode":"typed","datatype":"string","value":"Hello OPC UA","value_repr":"string","raw":"4...</msg>
<var>${sample}</var>
<arg>te/device/${device}/ot/${PROTOCOL}/sample/${point}</arg>
<arg>timeout=${SAMPLE_TIMEOUT}</arg>
<doc>Wait for a message that arrives AFTER this call; return its payload.</doc>
<status status="PASS" start="2026-09-18T10:11:26.231921" elapsed="0.933172"/>
</kw>
<kw name="Get Json Field" owner="MqttClient">
<msg time="2026-09-18T10:11:27.165327" level="INFO">${value} = Hello OPC UA</msg>
<var>${value}</var>
<arg>${sample}</arg>
<arg>value</arg>
<doc>Return a field from a JSON payload (dotted path supported).</doc>
<status status="PASS" start="2026-09-18T10:11:27.165213" elapsed="0.000124"/>
</kw>
<return>
<value>${value}</value>
<status status="PASS" start="2026-09-18T10:11:27.165364" elapsed="0.000023"/>
</return>
<msg time="2026-09-18T10:11:27.165441" level="INFO">${value} = Hello OPC UA</msg>
<var>${value}</var>
<arg>${device}</arg>
<arg>${point}</arg>
<status status="PASS" start="2026-09-18T10:11:26.231824" elapsed="0.933627"/>
</kw>
<kw name="Should Be Equal As Strings" owner="BuiltIn">
<arg>${value}</arg>
<arg>${expected}</arg>
<doc>Fails if objects are unequal after converting them to strings.</doc>
<status status="PASS" start="2026-09-18T10:11:27.165499" elapsed="0.000116"/>
</kw>
<arg>plain</arg>
<arg>string</arg>
<arg>Hello OPC UA</arg>
<status status="PASS" start="2026-09-18T10:11:26.231699" elapsed="0.933964"/>
</kw>
<doc>Policy None, and one point per datatype the connector claims, read from
the reference address space.</doc>
<status status="PASS" start="2026-09-18T10:11:23.635159" elapsed="3.530561"/>
</test>
<test id="s1-s1-t3" name="Deprecated Policies Connect With The Opt-In" line="54">
<kw name="Device Connects With">
<kw name="Wait For Link Status">
<kw name="Set Variable" owner="BuiltIn">
<msg time="2026-09-18T10:11:27.216839" level="INFO">${topic} = te/device/legacy-b256/ot/opcua/status/link</msg>
<var>${topic}</var>
<arg>te/device/${device}/ot/${PROTOCOL}/status/link</arg>
<doc>Returns the given values which can then be assigned to a variables.</doc>
<status status="PASS" start="2026-09-18T10:11:27.216758" elapsed="0.000097"/>
</kw>
<kw name="Wait For Fresh Message With Field" owner="MqttClient">
<msg time="2026-09-18T10:13:57.244253" level="FAIL">timed out waiting for a fresh message with status in ('connected',) on topic te/device/legacy-b256/ot/opcua/status/link</msg>
<var>${payload}</var>
<arg>${topic}</arg>
<arg>status</arg>
<arg>${status}</arg>
<arg>timeout=${READY_TIMEOUT}</arg>
<arg>since=0</arg>
<doc>Wait for a message arriving after `since` (a `Get Message Mark`, default: this call)
whose JSON `field` (dotted path) is one of `values`; return its payload.</doc>
<status status="FAIL" start="2026-09-18T10:11:27.216905" elapsed="150.029451">timed out waiting for a fresh message with status in ('connected',) on topic te/device/legacy-b256/ot/opcua/status/link</status>
</kw>
<return>
<value>${payload}</value>
<status status="NOT RUN" start="2026-09-18T10:13:57.246623" elapsed="0.000048"/>
</return>
<var>${link}</var>
<arg>${device}</arg>
<arg>connected</arg>
<doc>Wait for the device's retained link status to be `status`; return it.</doc>
<status status="FAIL" start="2026-09-18T10:11:27.216637" elapsed="150.030188">timed out waiting for a fresh message with status in ('connected',) on topic te/device/legacy-b256/ot/opcua/status/link</status>
</kw>
<kw name="Should Be Equal" owner="BuiltIn">
<arg>${{ json.loads($link)["info"]["security_policy"] }}</arg>
<arg>${policy}</arg>
<doc>Fails if the given objects are unequal.</doc>
<status status="NOT RUN" start="2026-09-18T10:13:57.247199" elapsed="0.000019"/>
</kw>
<kw name="Should Be Equal" owner="BuiltIn">
<arg>${{ json.loads($link)["info"]["security_mode"] }}</arg>
<arg>${mode}</arg>
<doc>Fails if the given objects are unequal.</doc>
<status status="NOT RUN" start="2026-09-18T10:13:57.247279" elapsed="0.000009"/>
</kw>
<kw name="Sample Should Be">
<arg>${device}</arg>
<arg>double</arg>
<arg>${DOUBLE}</arg>
<doc>The device's next sample of `point` carries `expected`, compared as a
number. Robot variables are strings, and the published value is JSON, so
the comparison has to name the type rather than guess it.</doc>
<status status="NOT RUN" start="2026-09-18T10:13:57.247558" elapsed="0.000013"/>
</kw>
<arg>legacy-b256</arg>
<arg>Basic256</arg>
<arg>sign_and_encrypt</arg>
<doc>The device is connected and reports the effective policy and mode.</doc>
<status status="FAIL" start="2026-09-18T10:11:27.216426" elapsed="150.031199">timed out waiting for a fresh message with status in ('connected',) on topic te/device/legacy-b256/ot/opcua/status/link</status>
</kw>
<kw name="Device Connects With">
<arg>legacy-b128</arg>
<arg>Basic128Rsa15</arg>
<arg>sign_and_encrypt</arg>
<doc>The device is connected and reports the effective policy and mode.</doc>
<status status="NOT RUN" start="2026-09-18T10:13:57.247710" elapsed="0.000009"/>
</kw>
<doc>Basic256 and Basic128Rsa15 had only ever been covered by configuration-
validation unit tests; here they run against a server that really offers
them. The refusal WITHOUT `allow_deprecated_security` stays a
configuration concern, covered by connector-opcua's own unit tests --
it never reaches a server, so it does not belong in an interop suite.</doc>
<status status="FAIL" start="2026-09-18T10:11:27.165873" elapsed="150.082069">timed out waiting for a fresh message with status in ('connected',) on topic te/device/legacy-b256/ot/opcua/status/link</status>
</test>
<test id="s1-s1-t4" name="Username Identity Is Accepted And Rejected As The Server Decides" line="63">
<kw name="Wait For Link Status">
<kw name="Set Variable" owner="BuiltIn">
<msg time="2026-09-18T10:13:57.306214" level="INFO">${topic} = te/device/user/ot/opcua/status/link</msg>
<var>${topic}</var>
<arg>te/device/${device}/ot/${PROTOCOL}/status/link</arg>
<doc>Returns the given values which can then be assigned to a variables.</doc>
<status status="PASS" start="2026-09-18T10:13:57.306076" elapsed="0.000154"/>
</kw>
<kw name="Wait For Fresh Message With Field" owner="MqttClient">
<msg time="2026-09-18T10:16:27.379792" level="FAIL">timed out waiting for a fresh message with status in ('connected',) on topic te/device/user/ot/opcua/status/link</msg>
<var>${payload}</var>
<arg>${topic}</arg>
<arg>status</arg>
<arg>${status}</arg>
<arg>timeout=${READY_TIMEOUT}</arg>
<arg>since=0</arg>
<doc>Wait for a message arriving after `since` (a `Get Message Mark`, default: this call)
whose JSON `field` (dotted path) is one of `values`; return its payload.</doc>
<status status="FAIL" start="2026-09-18T10:13:57.306285" elapsed="150.074620">timed out waiting for a fresh message with status in ('connected',) on topic te/device/user/ot/opcua/status/link</status>
</kw>
<return>
<value>${payload}</value>
<status status="NOT RUN" start="2026-09-18T10:16:27.381218" elapsed="0.000058"/>
</return>
<arg>user</arg>
<arg>connected</arg>
<doc>Wait for the device's retained link status to be `status`; return it.</doc>
<status status="FAIL" start="2026-09-18T10:13:57.305821" elapsed="150.075654">timed out waiting for a fresh message with status in ('connected',) on topic te/device/user/ot/opcua/status/link</status>
</kw>
<kw name="Sample Should Be">
<arg>user</arg>
<arg>double</arg>
<arg>${DOUBLE}</arg>
<doc>The device's next sample of `point` carries `expected`, compared as a
number. Robot variables are strings, and the published value is JSON, so
the comparison has to name the type rather than guess it.</doc>
<status status="NOT RUN" start="2026-09-18T10:16:27.382038" elapsed="0.000015"/>
</kw>
<kw name="Link Is Refused">
<var>${reason}</var>
<arg>baduser</arg>
<arg>identity rejected:</arg>
<doc>The device is disconnected with a reason starting with `prefix`;
return the reason.</doc>
<status status="NOT RUN" start="2026-09-18T10:16:27.382148" elapsed="0.000009"/>
</kw>
<kw name="Should Not Contain" owner="BuiltIn">
<arg>${reason}</arg>
<arg>not-the-password</arg>
<doc>Fails if ``container`` contains ``item`` one or more times.</doc>
<status status="NOT RUN" start="2026-09-18T10:16:27.382488" elapsed="0.000019"/>
</kw>
<kw name="Connector Log">
<var>${logs}</var>
<doc>The connector container's log so far.</doc>
<status status="NOT RUN" start="2026-09-18T10:16:27.382658" elapsed="0.000038"/>
</kw>
<kw name="Should Not Contain" owner="BuiltIn">
<arg>${logs}</arg>
<arg>not-the-password</arg>
<doc>Fails if ``container`` contains ``item`` one or more times.</doc>
<status status="NOT RUN" start="2026-09-18T10:16:27.382780" elapsed="0.000010"/>
</kw>
<doc>The reference server's own user database (config/users.json). The
rejection must name the identity, never the password.</doc>
<status status="FAIL" start="2026-09-18T10:13:57.248612" elapsed="150.134437">timed out waiting for a fresh message with status in ('connected',) on topic te/device/user/ot/opcua/status/link</status>
</test>
<test id="s1-s1-t5" name="Weak Server Certificate Is Refused With Its Key Length" line="73">
<kw name="Link Is Refused">
<kw name="Wait For Link Status">
<kw name="Set Variable" owner="BuiltIn">
<msg time="2026-09-18T10:16:27.444795" level="INFO">${topic} = te/device/tofu/ot/opcua/status/link</msg>
<var>${topic}</var>
<arg>te/device/${device}/ot/${PROTOCOL}/status/link</arg>
<doc>Returns the given values which can then be assigned to a variables.</doc>
<status status="PASS" start="2026-09-18T10:16:27.444604" elapsed="0.000214"/>
</kw>
<kw name="Wait For Fresh Message With Field" owner="MqttClient">
<msg time="2026-09-18T10:16:27.445243" level="INFO">${payload} = {"status":"disconnected","points":["double"],"since":"2026-09-18T08:01:23.506Z","reason":"certificate untrusted: the server certificate is not trusted (BadCertificateUntrusted; thumbprint 65085072a248...</msg>
<var>${payload}</var>
<arg>${topic}</arg>
<arg>status</arg>
<arg>${status}</arg>
<arg>timeout=${READY_TIMEOUT}</arg>
<arg>since=0</arg>
<doc>Wait for a message arriving after `since` (a `Get Message Mark`, default: this call)
whose JSON `field` (dotted path) is one of `values`; return its payload.</doc>
<status status="PASS" start="2026-09-18T10:16:27.444967" elapsed="0.000289"/>
</kw>
<return>
<value>${payload}</value>
<status status="PASS" start="2026-09-18T10:16:27.445288" elapsed="0.000025"/>
</return>
<msg time="2026-09-18T10:16:27.445372" level="INFO">${link} = {"status":"disconnected","points":["double"],"since":"2026-09-18T08:01:23.506Z","reason":"certificate untrusted: the server certificate is not trusted (BadCertificateUntrusted; thumbprint 65085072a248...</msg>
<var>${link}</var>
<arg>${device}</arg>
<arg>disconnected</arg>
<doc>Wait for the device's retained link status to be `status`; return it.</doc>
<status status="PASS" start="2026-09-18T10:16:27.444456" elapsed="0.000925"/>
</kw>
<kw name="Get Json Field" owner="MqttClient">
<msg time="2026-09-18T10:16:27.445516" level="INFO">${reason} = certificate untrusted: the server certificate is not trusted (BadCertificateUntrusted; thumbprint 65085072a24898863762e6efc570ac295244b054, subject O=OPC Foundation, CN=ref-all); trust it with `tedge-...</msg>
<var>${reason}</var>
<arg>${link}</arg>
<arg>reason</arg>
<doc>Return a field from a JSON payload (dotted path supported).</doc>
<status status="PASS" start="2026-09-18T10:16:27.445449" elapsed="0.000077"/>
</kw>
<kw name="Should Start With" owner="BuiltIn">
<msg time="2026-09-18T10:16:27.445771" level="FAIL">'certificate untrusted: the server certificate is not trusted (BadCertificateUntrusted; thumbprint 65085072a24898863762e6efc570ac295244b054, subject O=OPC Foundation, CN=ref-all); trust it with `tedge-dot pki trust 65085072`' does not start with 'certificate invalid:'</msg>
<arg>${reason}</arg>
<arg>${prefix}</arg>
<doc>Fails if the string ``str1`` does not start with the string ``str2``.</doc>
<status status="FAIL" start="2026-09-18T10:16:27.445593" elapsed="0.000229">'certificate untrusted: the server certificate is not trusted (BadCertificateUntrusted; thumbprint 65085072a24898863762e6efc570ac295244b054, subject O=OPC Foundation, CN=ref-all); trust it with `tedge-dot pki trust 65085072`' does not start with 'certificate invalid:'</status>
</kw>
<return>
<value>${reason}</value>
<status status="NOT RUN" start="2026-09-18T10:16:27.445857" elapsed="0.000008"/>
</return>
<var>${reason}</var>
<arg>tofu</arg>
<arg>certificate invalid:</arg>
<doc>The device is disconnected with a reason starting with `prefix`;
return the reason.</doc>
<status status="FAIL" start="2026-09-18T10:16:27.444172" elapsed="0.001734">'certificate untrusted: the server certificate is not trusted (BadCertificateUntrusted; thumbprint 65085072a24898863762e6efc570ac295244b054, subject O=OPC Foundation, CN=ref-all); trust it with `tedge-dot pki trust 65085072`' does not start with 'certificate invalid:'</status>
</kw>
<kw name="Should Contain" owner="BuiltIn">
<arg>${reason}</arg>
<arg>1024</arg>
<doc>Fails if ``container`` does not contain ``item`` one or more times.</doc>
<status status="NOT RUN" start="2026-09-18T10:16:27.445974" elapsed="0.000010"/>
</kw>
<kw name="Should Contain" owner="BuiltIn">
<arg>${reason}</arg>
<arg>Basic256Sha256</arg>
<doc>Fails if ``container`` does not contain ``item`` one or more times.</doc>
<status status="NOT RUN" start="2026-09-18T10:16:27.446031" elapsed="0.000007"/>
</kw>
<kw name="Should Not Contain" owner="BuiltIn">
<arg>${reason}</arg>
<arg>tedge-dot pki trust</arg>
<doc>Fails if ``container`` contains ``item`` one or more times.</doc>
<status status="NOT RUN" start="2026-09-18T10:16:27.446073" elapsed="0.000006"/>
</kw>
<kw name="Pki">
<var>${rejected}</var>
<arg>list rejected --json</arg>
<doc>Run `tedge-dot pki &lt;args&gt;` in the connector container; return stdout.</doc>
<status status="NOT RUN" start="2026-09-18T10:16:27.446145" elapsed="0.000009"/>
</kw>
<kw name="Thumbprint In Reason">
<var>${thumbprint}</var>
<arg>${reason}</arg>
<doc>The SHA-1 thumbprint the link reason names. Several servers can sit in
`rejected/` at once and the listing order is not a contract, so the
reason decides which certificate this test is about.</doc>
<status status="NOT RUN" start="2026-09-18T10:16:27.446210" elapsed="0.000007"/>
</kw>
<kw name="Should Not Contain" owner="BuiltIn">
<arg>${rejected}</arg>
<arg>${thumbprint}</arg>
<doc>Fails if ``container`` contains ``item`` one or more times.</doc>
<status status="NOT RUN" start="2026-09-18T10:16:27.446255" elapsed="0.000007"/>
</kw>
<doc>UA-.NETStandard auto-generates its application certificate with a
1024-bit RSA key (upstream says so in Program.cs), which Basic256Sha256
forbids. The refusal must name the key length and must NOT tell the
operator to run `tedge-dot pki trust`: trusting a certificate does not
make its key longer, so that advice would send them in a circle.

This is why the quarantine-then-trust flow is not exercised here; it
stays covered by the secured e2e suite, whose genpki vectors are
2048-bit.</doc>
<status status="FAIL" start="2026-09-18T10:16:27.383554" elapsed="0.062769">'certificate untrusted: the server certificate is not trusted (BadCertificateUntrusted; thumbprint 65085072a24898863762e6efc570ac295244b054, subject O=OPC Foundation, CN=ref-all); trust it with `tedge-dot pki trust 65085072`' does not start with 'certificate invalid:'</status>
</test>
<test id="s1-s1-t6" name="Server That Refuses Our Certificate Says So" line="93">
<kw name="Link Is Refused">
<kw name="Wait For Link Status">
<kw name="Set Variable" owner="BuiltIn">
<msg time="2026-09-18T10:16:27.490721" level="INFO">${topic} = te/device/strict/ot/opcua/status/link</msg>
<var>${topic}</var>
<arg>te/device/${device}/ot/${PROTOCOL}/status/link</arg>
<doc>Returns the given values which can then be assigned to a variables.</doc>
<status status="PASS" start="2026-09-18T10:16:27.490310" elapsed="0.000428"/>
</kw>
<kw name="Wait For Fresh Message With Field" owner="MqttClient">
<msg time="2026-09-18T10:16:27.490944" level="INFO">${payload} = {"status":"disconnected","points":["double"],"since":"2026-09-18T08:01:23.613Z","reason":"certificate invalid: the server certificate is invalid (BadCertificateUseNotAllowed)","info":{"endpoint":"opc....</msg>
<var>${payload}</var>
<arg>${topic}</arg>
<arg>status</arg>
<arg>${status}</arg>
<arg>timeout=${READY_TIMEOUT}</arg>
<arg>since=0</arg>
<doc>Wait for a message arriving after `since` (a `Get Message Mark`, default: this call)
whose JSON `field` (dotted path) is one of `values`; return its payload.</doc>
<status status="PASS" start="2026-09-18T10:16:27.490790" elapsed="0.000166"/>
</kw>
<return>
<value>${payload}</value>
<status status="PASS" start="2026-09-18T10:16:27.490984" elapsed="0.000020"/>
</return>
<msg time="2026-09-18T10:16:27.491053" level="INFO">${link} = {"status":"disconnected","points":["double"],"since":"2026-09-18T08:01:23.613Z","reason":"certificate invalid: the server certificate is invalid (BadCertificateUseNotAllowed)","info":{"endpoint":"opc....</msg>
<var>${link}</var>
<arg>${device}</arg>
<arg>disconnected</arg>
<doc>Wait for the device's retained link status to be `status`; return it.</doc>
<status status="PASS" start="2026-09-18T10:16:27.490193" elapsed="0.000869"/>
</kw>
<kw name="Get Json Field" owner="MqttClient">
<msg time="2026-09-18T10:16:27.491163" level="INFO">${reason} = certificate invalid: the server certificate is invalid (BadCertificateUseNotAllowed)</msg>
<var>${reason}</var>
<arg>${link}</arg>
<arg>reason</arg>
<doc>Return a field from a JSON payload (dotted path supported).</doc>
<status status="PASS" start="2026-09-18T10:16:27.491104" elapsed="0.000068"/>
</kw>
<kw name="Should Start With" owner="BuiltIn">
<msg time="2026-09-18T10:16:27.491307" level="FAIL">'certificate invalid: the server certificate is invalid (BadCertificateUseNotAllowed)' does not start with 'application certificate rejected:'</msg>
<arg>${reason}</arg>
<arg>${prefix}</arg>
<doc>Fails if the string ``str1`` does not start with the string ``str2``.</doc>
<status status="FAIL" start="2026-09-18T10:16:27.491232" elapsed="0.000112">'certificate invalid: the server certificate is invalid (BadCertificateUseNotAllowed)' does not start with 'application certificate rejected:'</status>
</kw>
<return>
<value>${reason}</value>
<status status="NOT RUN" start="2026-09-18T10:16:27.491367" elapsed="0.000007"/>
</return>
<var>${reason}</var>
<arg>strict</arg>
<arg>application certificate rejected:</arg>
<doc>The device is disconnected with a reason starting with `prefix`;
return the reason.</doc>
<status status="FAIL" start="2026-09-18T10:16:27.490031" elapsed="0.001378">'certificate invalid: the server certificate is invalid (BadCertificateUseNotAllowed)' does not start with 'application certificate rejected:'</status>
</kw>
<kw name="Own Thumbprint">
<var>${own}</var>
<doc>The connector's own application certificate thumbprint.</doc>
<status status="NOT RUN" start="2026-09-18T10:16:27.491469" elapsed="0.000009"/>
</kw>
<kw name="Should Contain" owner="BuiltIn">
<arg>${reason}</arg>
<arg>${own}</arg>
<doc>Fails if ``container`` does not contain ``item`` one or more times.</doc>
<status status="NOT RUN" start="2026-09-18T10:16:27.491517" elapsed="0.000007"/>
</kw>
<kw name="Should Contain" owner="BuiltIn">
<arg>${reason}</arg>
<arg>tedge-dot pki export</arg>
<doc>Fails if ``container`` does not contain ``item`` one or more times.</doc>
<status status="NOT RUN" start="2026-09-18T10:16:27.491557" elapsed="0.000005"/>
</kw>
<kw name="Should Not Start With" owner="BuiltIn">
<arg>${reason}</arg>
<arg>certificate untrusted:</arg>
<doc>Fails if the string ``str1`` starts with the string ``str2``.</doc>
<status status="NOT RUN" start="2026-09-18T10:16:27.491592" elapsed="0.000006"/>
</kw>
<doc>ref-strict does not auto-accept an unknown client certificate, and we
trust it (trust_any), so the only thing that can fail is its judgement of
us. Both directions of distrust arrive as the same status code, so this
is the one case that tells the categories apart on a real server.</doc>
<status status="FAIL" start="2026-09-18T10:16:27.446465" elapsed="0.045182">'certificate invalid: the server certificate is invalid (BadCertificateUseNotAllowed)' does not start with 'application certificate rejected:'</status>
</test>
<test id="s1-s1-t7" name="Server Trusts Us After Our Certificate Is Added" line="105">
<kw name="Link Is Refused" type="SETUP">
<kw name="Wait For Link Status">
<kw name="Set Variable" owner="BuiltIn">
<msg time="2026-09-18T10:16:27.532230" level="INFO">${topic} = te/device/strict/ot/opcua/status/link</msg>
<var>${topic}</var>
<arg>te/device/${device}/ot/${PROTOCOL}/status/link</arg>
<doc>Returns the given values which can then be assigned to a variables.</doc>
<status status="PASS" start="2026-09-18T10:16:27.532149" elapsed="0.000099"/>
</kw>
<kw name="Wait For Fresh Message With Field" owner="MqttClient">
<msg time="2026-09-18T10:16:27.532448" level="INFO">${payload} = {"status":"disconnected","points":["double"],"since":"2026-09-18T08:01:23.613Z","reason":"certificate invalid: the server certificate is invalid (BadCertificateUseNotAllowed)","info":{"endpoint":"opc....</msg>
<var>${payload}</var>
<arg>${topic}</arg>
<arg>status</arg>
<arg>${status}</arg>
<arg>timeout=${READY_TIMEOUT}</arg>
<arg>since=0</arg>
<doc>Wait for a message arriving after `since` (a `Get Message Mark`, default: this call)
whose JSON `field` (dotted path) is one of `values`; return its payload.</doc>
<status status="PASS" start="2026-09-18T10:16:27.532298" elapsed="0.000162"/>
</kw>
<return>
<value>${payload}</value>
<status status="PASS" start="2026-09-18T10:16:27.532489" elapsed="0.000024"/>
</return>
<msg time="2026-09-18T10:16:27.532561" level="INFO">${link} = {"status":"disconnected","points":["double"],"since":"2026-09-18T08:01:23.613Z","reason":"certificate invalid: the server certificate is invalid (BadCertificateUseNotAllowed)","info":{"endpoint":"opc....</msg>
<var>${link}</var>
<arg>${device}</arg>
<arg>disconnected</arg>
<doc>Wait for the device's retained link status to be `status`; return it.</doc>
<status status="PASS" start="2026-09-18T10:16:27.532031" elapsed="0.000540"/>
</kw>
<kw name="Get Json Field" owner="MqttClient">
<msg time="2026-09-18T10:16:27.532680" level="INFO">${reason} = certificate invalid: the server certificate is invalid (BadCertificateUseNotAllowed)</msg>
<var>${reason}</var>
<arg>${link}</arg>
<arg>reason</arg>
<doc>Return a field from a JSON payload (dotted path supported).</doc>
<status status="PASS" start="2026-09-18T10:16:27.532620" elapsed="0.000069"/>
</kw>
<kw name="Should Start With" owner="BuiltIn">
<msg time="2026-09-18T10:16:27.532810" level="FAIL">'certificate invalid: the server certificate is invalid (BadCertificateUseNotAllowed)' does not start with 'application certificate rejected:'</msg>
<arg>${reason}</arg>
<arg>${prefix}</arg>
<doc>Fails if the string ``str1`` does not start with the string ``str2``.</doc>
<status status="FAIL" start="2026-09-18T10:16:27.532727" elapsed="0.000123">'certificate invalid: the server certificate is invalid (BadCertificateUseNotAllowed)' does not start with 'application certificate rejected:'</status>
</kw>
<return>
<value>${reason}</value>
<status status="NOT RUN" start="2026-09-18T10:16:27.532875" elapsed="0.000007"/>
</return>
<arg>strict</arg>
<arg>application certificate rejected:</arg>
<doc>The device is disconnected with a reason starting with `prefix`;
return the reason.</doc>
<status status="FAIL" start="2026-09-18T10:16:27.531870" elapsed="0.001054">'certificate invalid: the server certificate is invalid (BadCertificateUseNotAllowed)' does not start with 'application certificate rejected:'</status>
</kw>
<doc>entrypoint.sh exported our certificate into the volume ref-strict mounts
at /app/certs; that server reads its trust list only at startup, so the
trust takes effect on restart.</doc>
<status status="FAIL" start="2026-09-18T10:16:27.491771" elapsed="0.041216">Setup failed:
'certificate invalid: the server certificate is invalid (BadCertificateUseNotAllowed)' does not start with 'application certificate rejected:'</status>
</test>
<test id="s1-s1-t8" name="Policies We Do Not Implement Are Listed" line="113">
<kw name="Link Is Refused">
<kw name="Wait For Link Status">
<kw name="Set Variable" owner="BuiltIn">
<msg time="2026-09-18T10:16:27.569466" level="INFO">${topic} = te/device/ecc/ot/opcua/status/link</msg>
<var>${topic}</var>
<arg>te/device/${device}/ot/${PROTOCOL}/status/link</arg>
<doc>Returns the given values which can then be assigned to a variables.</doc>
<status status="PASS" start="2026-09-18T10:16:27.569381" elapsed="0.000103"/>
</kw>
<kw name="Wait For Fresh Message With Field" owner="MqttClient">
<msg time="2026-09-18T10:16:27.569698" level="INFO">${payload} = {"status":"disconnected","points":["double"],"since":"2026-09-18T08:01:23.738Z","reason":"no matching endpoint: the server offers no Basic256Sha256/sign_and_encrypt endpoint (it offers http://opcfound...</msg>
<var>${payload}</var>
<arg>${topic}</arg>
<arg>status</arg>
<arg>${status}</arg>
<arg>timeout=${READY_TIMEOUT}</arg>
<arg>since=0</arg>
<doc>Wait for a message arriving after `since` (a `Get Message Mark`, default: this call)
whose JSON `field` (dotted path) is one of `values`; return its payload.</doc>
<status status="PASS" start="2026-09-18T10:16:27.569539" elapsed="0.000171"/>
</kw>
<return>
<value>${payload}</value>
<status status="PASS" start="2026-09-18T10:16:27.569740" elapsed="0.000026"/>
</return>
<msg time="2026-09-18T10:16:27.569820" level="INFO">${link} = {"status":"disconnected","points":["double"],"since":"2026-09-18T08:01:23.738Z","reason":"no matching endpoint: the server offers no Basic256Sha256/sign_and_encrypt endpoint (it offers http://opcfound...</msg>
<var>${link}</var>
<arg>${device}</arg>
<arg>disconnected</arg>
<doc>Wait for the device's retained link status to be `status`; return it.</doc>
<status status="PASS" start="2026-09-18T10:16:27.569255" elapsed="0.000589"/>
</kw>
<kw name="Get Json Field" owner="MqttClient">
<msg time="2026-09-18T10:16:27.569951" level="INFO">${reason} = no matching endpoint: the server offers no Basic256Sha256/sign_and_encrypt endpoint (it offers http://opcfoundation.org/UA/SecurityPolicy#ECC_nistP256/sign, http://opcfoundation.org/UA/SecurityPolicy#...</msg>
<var>${reason}</var>
<arg>${link}</arg>
<arg>reason</arg>
<doc>Return a field from a JSON payload (dotted path supported).</doc>
<status status="PASS" start="2026-09-18T10:16:27.569891" elapsed="0.000070"/>
</kw>
<kw name="Should Start With" owner="BuiltIn">
<arg>${reason}</arg>
<arg>${prefix}</arg>
<doc>Fails if the string ``str1`` does not start with the string ``str2``.</doc>
<status status="PASS" start="2026-09-18T10:16:27.570011" elapsed="0.000057"/>
</kw>
<return>
<value>${reason}</value>
<status status="PASS" start="2026-09-18T10:16:27.570088" elapsed="0.000011"/>
</return>
<msg time="2026-09-18T10:16:27.570140" level="INFO">${reason} = no matching endpoint: the server offers no Basic256Sha256/sign_and_encrypt endpoint (it offers http://opcfoundation.org/UA/SecurityPolicy#ECC_nistP256/sign, http://opcfoundation.org/UA/SecurityPolicy#...</msg>
<var>${reason}</var>
<arg>ecc</arg>
<arg>no matching endpoint:</arg>
<doc>The device is disconnected with a reason starting with `prefix`;
return the reason.</doc>
<status status="PASS" start="2026-09-18T10:16:27.569075" elapsed="0.001074"/>
</kw>
<kw name="Should Contain" owner="BuiltIn">
<arg>${reason}</arg>
<arg>ECC_nistP256</arg>
<doc>Fails if ``container`` does not contain ``item`` one or more times.</doc>
<status status="PASS" start="2026-09-18T10:16:27.570193" elapsed="0.000064"/>
</kw>
<kw name="Should Contain" owner="BuiltIn">
<arg>${reason}</arg>
<arg>ECC_nistP384</arg>
<doc>Fails if ``container`` does not contain ``item`` one or more times.</doc>
<status status="PASS" start="2026-09-18T10:16:27.570296" elapsed="0.000044"/>
</kw>
<kw name="Sample Should Be">
<kw name="Sample Value">
<kw name="Wait For Sample" owner="MqttClient">
<msg time="2026-09-18T10:16:27.676225" level="INFO">${sample} = {"ts":"2026-09-18T08:16:27.665Z","ts_ms":1789719387665.2561,"device":"plain","protocol":"opcua","point":"double","mode":"typed","datatype":"float64","value":2.71828,"value_repr":"number","raw":"40 05 ...</msg>
<var>${sample}</var>
<arg>te/device/${device}/ot/${PROTOCOL}/sample/${point}</arg>
<arg>timeout=${SAMPLE_TIMEOUT}</arg>
<doc>Wait for a message that arrives AFTER this call; return its payload.</doc>
<status status="PASS" start="2026-09-18T10:16:27.570627" elapsed="0.105627"/>
</kw>
<kw name="Get Json Field" owner="MqttClient">
<msg time="2026-09-18T10:16:27.676504" level="INFO">${value} = 2.71828</msg>
<var>${value}</var>
<arg>${sample}</arg>
<arg>value</arg>
<doc>Return a field from a JSON payload (dotted path supported).</doc>
<status status="PASS" start="2026-09-18T10:16:27.676365" elapsed="0.000162"/>
</kw>
<return>
<value>${value}</value>
<status status="PASS" start="2026-09-18T10:16:27.676560" elapsed="0.000025"/>
</return>
<msg time="2026-09-18T10:16:27.676655" level="INFO">${value} = 2.71828</msg>
<var>${value}</var>
<arg>${device}</arg>
<arg>${point}</arg>
<status status="PASS" start="2026-09-18T10:16:27.570516" elapsed="0.106149"/>
</kw>
<kw name="Should Be Equal As Numbers" owner="BuiltIn">
<msg time="2026-09-18T10:16:27.676843" level="INFO">Argument types are:
&lt;class 'float'&gt;
&lt;class 'str'&gt;</msg>
<arg>${value}</arg>
<arg>${expected}</arg>
<doc>Fails if objects are unequal after converting them to real numbers.</doc>
<status status="PASS" start="2026-09-18T10:16:27.676732" elapsed="0.000147"/>
</kw>
<arg>plain</arg>
<arg>double</arg>
<arg>${DOUBLE}</arg>
<doc>The device's next sample of `point` carries `expected`, compared as a
number. Robot variables are strings, and the published value is JSON, so
the comparison has to name the type rather than guess it.</doc>
<status status="PASS" start="2026-09-18T10:16:27.570395" elapsed="0.106511"/>
</kw>
<doc>A server offering only elliptic-curve policies must produce a listed
refusal naming them as the server advertised them, not an empty list, and
must not take the connector down with it.</doc>
<status status="PASS" start="2026-09-18T10:16:27.533135" elapsed="0.143826"/>
</test>
<test id="s1-s1-t9" name="Server Advertising 0.0.0.0 Is Reachable" line="123">
<kw name="Wait For Link Status">
<kw name="Set Variable" owner="BuiltIn">
<msg time="2026-09-18T10:16:27.713245" level="INFO">${topic} = te/device/plain/ot/opcua/status/link</msg>
<var>${topic}</var>
<arg>te/device/${device}/ot/${PROTOCOL}/status/link</arg>
<doc>Returns the given values which can then be assigned to a variables.</doc>
<status status="PASS" start="2026-09-18T10:16:27.713159" elapsed="0.000102"/>
</kw>
<kw name="Wait For Fresh Message With Field" owner="MqttClient">
<msg time="2026-09-18T10:16:27.713455" level="INFO">${payload} = {"status":"connected","points":["double","bool","int32","string"],"since":"2026-09-18T08:01:22.467Z","info":{"endpoint":"opc.tcp://ref-all:4840/UA/TestServer","security_policy":"None","security_mode":...</msg>
<var>${payload}</var>
<arg>${topic}</arg>
<arg>status</arg>
<arg>${status}</arg>
<arg>timeout=${READY_TIMEOUT}</arg>
<arg>since=0</arg>
<doc>Wait for a message arriving after `since` (a `Get Message Mark`, default: this call)
whose JSON `field` (dotted path) is one of `values`; return its payload.</doc>
<status status="PASS" start="2026-09-18T10:16:27.713312" elapsed="0.000155"/>
</kw>
<return>
<value>${payload}</value>
<status status="PASS" start="2026-09-18T10:16:27.713495" elapsed="0.000020"/>
</return>
<msg time="2026-09-18T10:16:27.713563" level="INFO">${link} = {"status":"connected","points":["double","bool","int32","string"],"since":"2026-09-18T08:01:22.467Z","info":{"endpoint":"opc.tcp://ref-all:4840/UA/TestServer","security_policy":"None","security_mode":...</msg>
<var>${link}</var>
<arg>plain</arg>
<arg>connected</arg>
<doc>Wait for the device's retained link status to be `status`; return it.</doc>
<status status="PASS" start="2026-09-18T10:16:27.712980" elapsed="0.000593"/>
</kw>
<kw name="Should Be Equal" owner="BuiltIn">
<arg>${{ json.loads($link)["info"]["endpoint"] }}</arg>
<arg>opc.tcp://ref-all:4840/UA/TestServer</arg>
<doc>Fails if the given objects are unequal.</doc>
<status status="PASS" start="2026-09-18T10:16:27.713633" elapsed="0.000438"/>
</kw>
<doc>The reference server advertises `opc.tcp://0.0.0.0:4840/...` as its
endpoint URL (BuildBaseAddresses hardcodes it). A client that dials what
the server advertises cannot connect at all -- asyncua gets
BadServerUriInvalid -- so this is the real-world case for keeping the
configured address.</doc>
<status status="PASS" start="2026-09-18T10:16:27.677096" elapsed="0.037025"/>
</test>
<test id="s1-s1-t10" name="Endpoint Without A Resource Path Connects" line="133">
<kw name="Wait For Link Status">
<kw name="Set Variable" owner="BuiltIn">
<msg time="2026-09-18T10:16:27.751462" level="INFO">${topic} = te/device/discovery/ot/opcua/status/link</msg>
<var>${topic}</var>
<arg>te/device/${device}/ot/${PROTOCOL}/status/link</arg>
<doc>Returns the given values which can then be assigned to a variables.</doc>
<status status="PASS" start="2026-09-18T10:16:27.751370" elapsed="0.000109"/>
</kw>
<kw name="Wait For Fresh Message With Field" owner="MqttClient">
<msg time="2026-09-18T10:16:27.751679" level="INFO">${payload} = {"status":"connected","points":["double"],"since":"2026-09-18T08:01:23.883Z","info":{"endpoint":"opc.tcp://ref-discovery:4840","security_policy":"None","security_mode":"none"}}</msg>
<var>${payload}</var>
<arg>${topic}</arg>
<arg>status</arg>
<arg>${status}</arg>
<arg>timeout=${READY_TIMEOUT}</arg>
<arg>since=0</arg>
<doc>Wait for a message arriving after `since` (a `Get Message Mark`, default: this call)
whose JSON `field` (dotted path) is one of `values`; return its payload.</doc>
<status status="PASS" start="2026-09-18T10:16:27.751531" elapsed="0.000159"/>
</kw>
<return>
<value>${payload}</value>
<status status="PASS" start="2026-09-18T10:16:27.751747" elapsed="0.000026"/>
</return>
<arg>discovery</arg>
<arg>connected</arg>
<doc>Wait for the device's retained link status to be `status`; return it.</doc>
<status status="PASS" start="2026-09-18T10:16:27.751196" elapsed="0.000622"/>
</kw>
<kw name="Sample Should Be">
<kw name="Sample Value">
<kw name="Wait For Sample" owner="MqttClient">
<msg time="2026-09-18T10:16:28.678162" level="INFO">${sample} = {"ts":"2026-09-18T08:16:28.673Z","ts_ms":1789719388673.1731,"device":"discovery","protocol":"opcua","point":"double","mode":"typed","datatype":"float64","value":2.71828,"value_repr":"number","raw":"40...</msg>
<var>${sample}</var>
<arg>te/device/${device}/ot/${PROTOCOL}/sample/${point}</arg>
<arg>timeout=${SAMPLE_TIMEOUT}</arg>
<doc>Wait for a message that arrives AFTER this call; return its payload.</doc>
<status status="PASS" start="2026-09-18T10:16:27.752098" elapsed="0.926091"/>
</kw>
<kw name="Get Json Field" owner="MqttClient">
<msg time="2026-09-18T10:16:28.678394" level="INFO">${value} = 2.71828</msg>
<var>${value}</var>
<arg>${sample}</arg>
<arg>value</arg>
<doc>Return a field from a JSON payload (dotted path supported).</doc>
<status status="PASS" start="2026-09-18T10:16:28.678287" elapsed="0.000117"/>
</kw>
<return>
<value>${value}</value>
<status status="PASS" start="2026-09-18T10:16:28.678428" elapsed="0.000023"/>
</return>
<msg time="2026-09-18T10:16:28.678503" level="INFO">${value} = 2.71828</msg>
<var>${value}</var>
<arg>${device}</arg>
<arg>${point}</arg>
<status status="PASS" start="2026-09-18T10:16:27.751997" elapsed="0.926515"/>
</kw>
<kw name="Should Be Equal As Numbers" owner="BuiltIn">
<msg time="2026-09-18T10:16:28.678619" level="INFO">Argument types are:
&lt;class 'float'&gt;
&lt;class 'str'&gt;</msg>
<arg>${value}</arg>
<arg>${expected}</arg>
<doc>Fails if objects are unequal after converting them to real numbers.</doc>
<status status="PASS" start="2026-09-18T10:16:28.678558" elapsed="0.000084"/>
</kw>
<arg>discovery</arg>
<arg>double</arg>
<arg>${DOUBLE}</arg>
<doc>The device's next sample of `point` carries `expected`, compared as a
number. Robot variables are strings, and the published value is JSON, so
the comparison has to name the type rather than guess it.</doc>
<status status="PASS" start="2026-09-18T10:16:27.751874" elapsed="0.926790"/>
</kw>
<doc>The discovery instance serves an endpoint URL with no resource path.</doc>
<status status="PASS" start="2026-09-18T10:16:27.714239" elapsed="0.964471"/>
</test>
<test id="s1-s1-t11" name="Subscription Delivers Changes From The Reference Server" line="138">
<kw name="Wait For Link Status">
<kw name="Set Variable" owner="BuiltIn">
<msg time="2026-09-18T10:16:28.724405" level="INFO">${topic} = te/device/dynamic/ot/opcua/status/link</msg>
<var>${topic}</var>
<arg>te/device/${device}/ot/${PROTOCOL}/status/link</arg>
<doc>Returns the given values which can then be assigned to a variables.</doc>
<status status="PASS" start="2026-09-18T10:16:28.724232" elapsed="0.000202"/>
</kw>
<kw name="Wait For Fresh Message With Field" owner="MqttClient">
<msg time="2026-09-18T10:18:58.795540" level="FAIL">timed out waiting for a fresh message with status in ('connected',) on topic te/device/dynamic/ot/opcua/status/link</msg>
<var>${payload}</var>
<arg>${topic}</arg>
<arg>status</arg>
<arg>${status}</arg>
<arg>timeout=${READY_TIMEOUT}</arg>
<arg>since=0</arg>
<doc>Wait for a message arriving after `since` (a `Get Message Mark`, default: this call)
whose JSON `field` (dotted path) is one of `values`; return its payload.</doc>
<status status="FAIL" start="2026-09-18T10:16:28.724519" elapsed="150.073784">timed out waiting for a fresh message with status in ('connected',) on topic te/device/dynamic/ot/opcua/status/link</status>
</kw>
<return>
<value>${payload}</value>
<status status="NOT RUN" start="2026-09-18T10:18:58.798754" elapsed="0.000074"/>
</return>
<arg>dynamic</arg>
<arg>connected</arg>
<doc>Wait for the device's retained link status to be `status`; return it.</doc>
<status status="FAIL" start="2026-09-18T10:16:28.724069" elapsed="150.075023">timed out waiting for a fresh message with status in ('connected',) on topic te/device/dynamic/ot/opcua/status/link</status>
</kw>
<kw name="Wait For Sample" owner="MqttClient">
<var>${first}</var>
<arg>te/device/dynamic/ot/${PROTOCOL}/sample/counter</arg>
<arg>timeout=${SAMPLE_TIMEOUT}</arg>
<doc>Wait for a message that arrives AFTER this call; return its payload.</doc>
<status status="NOT RUN" start="2026-09-18T10:18:58.799691" elapsed="0.000019"/>
</kw>
<kw name="Wait For Fresh Sample Differing From">
<var>${second}</var>
<arg>dynamic</arg>
<arg>counter</arg>
<arg>${first}</arg>
<doc>Wait until the point publishes a value different from `previous`.</doc>
<status status="NOT RUN" start="2026-09-18T10:18:58.800341" elapsed="0.000021"/>
</kw>
<kw name="Should Not Be Equal" owner="BuiltIn">
<arg>${first}</arg>
<arg>${second}</arg>
<doc>Fails if the given objects are equal.</doc>
<status status="NOT RUN" start="2026-09-18T10:18:58.800437" elapsed="0.000017"/>
</kw>
<doc>TestServer/Dynamic/Counter is updated by the server on a timer, so the
push path can be told apart from polling: two different values must
arrive without that point being polled.</doc>
<status status="FAIL" start="2026-09-18T10:16:28.678842" elapsed="150.121888">timed out waiting for a fresh message with status in ('connected',) on topic te/device/dynamic/ot/opcua/status/link</status>
</test>
<test id="s1-s1-t12" name="Session Survives Secure Channel Token Renewal" line="148">
<kw name="Wait For Link Status">
<kw name="Set Variable" owner="BuiltIn">
<msg time="2026-09-18T10:18:58.860480" level="INFO">${topic} = te/device/token/ot/opcua/status/link</msg>
<var>${topic}</var>
<arg>te/device/${device}/ot/${PROTOCOL}/status/link</arg>
<doc>Returns the given values which can then be assigned to a variables.</doc>
<status status="PASS" start="2026-09-18T10:18:58.859832" elapsed="0.000678"/>
</kw>
<kw name="Wait For Fresh Message With Field" owner="MqttClient">
<msg time="2026-09-18T10:21:28.944423" level="FAIL">timed out waiting for a fresh message with status in ('connected',) on topic te/device/token/ot/opcua/status/link</msg>
<var>${payload}</var>
<arg>${topic}</arg>
<arg>status</arg>
<arg>${status}</arg>
<arg>timeout=${READY_TIMEOUT}</arg>
<arg>since=0</arg>
<doc>Wait for a message arriving after `since` (a `Get Message Mark`, default: this call)
whose JSON `field` (dotted path) is one of `values`; return its payload.</doc>
<status status="FAIL" start="2026-09-18T10:18:58.860741" elapsed="150.087017">timed out waiting for a fresh message with status in ('connected',) on topic te/device/token/ot/opcua/status/link</status>
</kw>
<return>
<value>${payload}</value>
<status status="NOT RUN" start="2026-09-18T10:21:28.948281" elapsed="0.000081"/>
</return>
<arg>token</arg>
<arg>connected</arg>
<doc>Wait for the device's retained link status to be `status`; return it.</doc>
<status status="FAIL" start="2026-09-18T10:18:58.859064" elapsed="150.089587">timed out waiting for a fresh message with status in ('connected',) on topic te/device/token/ot/opcua/status/link</status>
</kw>
<kw name="Connector Log">
<var>${before}</var>
<doc>The connector container's log so far.</doc>
<status status="NOT RUN" start="2026-09-18T10:21:28.949336" elapsed="0.000021"/>
</kw>
<kw name="Sleep" owner="BuiltIn">
<arg>75s</arg>
<arg>reason=two 30s token lifetimes, so at least two renewals fall inside</arg>
<doc>Pauses the test executed for the given time.</doc>
<status status="NOT RUN" start="2026-09-18T10:21:28.949606" elapsed="0.000012"/>
</kw>
<kw name="Wait For Link Status">
<var>${link}</var>
<arg>token</arg>
<arg>connected</arg>
<doc>Wait for the device's retained link status to be `status`; return it.</doc>
<status status="NOT RUN" start="2026-09-18T10:21:28.949706" elapsed="0.000011"/>
</kw>
<kw name="Should Be Equal" owner="BuiltIn">
<arg>${{ json.loads($link)["status"] }}</arg>
<arg>connected</arg>
<doc>Fails if the given objects are unequal.</doc>
<status status="NOT RUN" start="2026-09-18T10:21:28.949794" elapsed="0.000010"/>
</kw>
<kw name="Sample Should Arrive">
<arg>token</arg>
<arg>counter</arg>
<status status="NOT RUN" start="2026-09-18T10:21:28.949911" elapsed="0.000009"/>
</kw>
<kw name="Connector Log">
<var>${after}</var>
<doc>The connector container's log so far.</doc>
<status status="NOT RUN" start="2026-09-18T10:21:28.949982" elapsed="0.000010"/>
</kw>
<kw name="Set Variable" owner="BuiltIn">
<var>${new}</var>
<arg>${{ $after[len($before):] }}</arg>
<doc>Returns the given values which can then be assigned to a variables.</doc>
<status status="NOT RUN" start="2026-09-18T10:21:28.950062" elapsed="0.000009"/>
</kw>
<kw name="Should Not Contain" owner="BuiltIn">
<arg>${new}</arg>
<arg>device token: disconnected</arg>
<doc>Fails if ``container`` contains ``item`` one or more times.</doc>
<status status="NOT RUN" start="2026-09-18T10:21:28.950121" elapsed="0.000008"/>
</kw>
<doc>ref-token grants a 30s secure channel token, so staying connected across
this test means the channel was renewed rather than re-established.</doc>
<timeout value="5 minutes"/>
<status status="FAIL" start="2026-09-18T10:18:58.801629" elapsed="150.148745">timed out waiting for a fresh message with status in ('connected',) on topic te/device/token/ot/opcua/status/link</status>
</test>
<kw name="Teardown OT Stack" owner="stack" type="TEARDOWN">
<kw name="Run Keyword And Ignore Error" owner="BuiltIn">
<kw name="Collect Stack Logs" owner="stack">
<kw name="Get Service Logs" owner="DeviceLibrary">
<msg time="2026-09-18T10:21:29.141366" level="INFO">ref-strict-1  | 2026-09-18T08:01:15.592302303Z === OPC UA .NET Standard Test Server ===
ref-strict-1  | 2026-09-18T08:01:15.592324303Z Server Name: ref-strict
ref-strict-1  | 2026-09-18T08:01:15.592340011Z Port: 4840
ref-token-1   | 2026-09-18T08:01:15.548973693Z === OPC UA .NET Standard Test Server ===
ref-token-1   | 2026-09-18T08:01:15.549018985Z Server Name: ref-token
ref-token-1   | 2026-09-18T08:01:15.549020902Z Port: 4840
ref-token-1   | 2026-09-18T08:01:15.549021860Z Security Policies: Basic256Sha256
ref-token-1   | 2026-09-18T08:01:15.549022735Z Security Modes: SignAndEncrypt
ref-token-1   | 2026-09-18T08:01:15.549023610Z Allow Anonymous: True
ref-token-1   | 2026-09-18T08:01:15.549024527Z Auth Users: False
ref-token-1   | 2026-09-18T08:01:15.549025360Z Auth Certificate: False
ref-token-1   | 2026-09-18T08:01:15.549026193Z Auto Accept Certs: True
ref-token-1   | 2026-09-18T08:01:15.569310573Z PKI directories initialized
ref-token-1   | 2026-09-18T08:01:16.094768882Z Loaded 4 users from /app/config/users.json
ref-token-1   | 2026-09-18T08:01:17.241605485Z   [+] DataTypes address space built
ref-token-1   | 2026-09-18T08:01:17.242933202Z   [+] Methods address space built
ref-token-1   | 2026-09-18T08:01:17.243251870Z   [+] ReverseConnect address space built
ref-strict-1  | 2026-09-18T08:01:15.592341053Z Security Policies: Basic256Sha256
ref-strict-1  | 2026-09-18T08:01:15.592341928Z Security Modes: SignAndEncrypt
ref-strict-1  | 2026-09-18T08:01:15.592343553Z Allow Anonymous: True
ref-strict-1  | 2026-09-18T08:01:15.592346886Z Auth Users: False
ref-strict-1  | 2026-09-18T08:01:15.592347803Z Auth Certificate: False
ref-strict-1  | 2026-09-18T08:01:15.592348678Z Auto Accept Certs: False
ref-strict-1  | 2026-09-18T08:01:15.617620797Z PKI directories initialized
ref-strict-1  | 2026-09-18T08:01:16.095449761Z Loaded 4 users from /app/config/users.json
ref-strict-1  | 2026-09-18T08:01:17.459692833Z   [+] DataTypes address space built
ref-strict-1  | 2026-09-18T08:01:17.461529429Z   [+] Methods address space built
ref-strict-1  | 2026-09-18T08:01:17.461990056Z   [+] ReverseConnect address space built
ref-strict-1  | 2026-09-18T08:01:17.473270753Z   [+] FileTransfer address space built
ref-strict-1  | 2026-09-18T08:01:17.473290170Z   [+] Dynamic address space built
ref-strict-1  | 2026-09-18T08:01:17.473293504Z   [+] InfoBits address space built
ref-strict-1  | 2026-09-18T08:01:17.515868775Z   [+] Events &amp; Alarms address space built
ref-strict-1  | 2026-09-18T08:01:17.516625280Z   [+] Historical address space built
ref-strict-1  | 2026-09-18T08:01:17.517734953Z   [+] Structures address space built
ref-strict-1  | 2026-09-18T08:01:17.518366333Z   [+] ExtensionObjects address space built
ref-strict-1  | 2026-09-18T08:01:17.521411560Z   [+] AccessControl address space built
ref-strict-1  | 2026-09-18T08:01:17.523728908Z   [+] Views address space built
ref-strict-1  | 2026-09-18T08:01:17.523742658Z Address space created successfully
ref-strict-1  | 2026-09-18T08:01:17.523744158Z   [+] Operation limits: Read=1000, Write=1000, Browse=1000
ref-strict-1  | 2026-09-18T08:01:17.587237063Z Server started at opc.tcp://0.0.0.0:4840/UA/TestServer
ref-strict-1  | 2026-09-18T08:01:17.588877115Z Press Ctrl+C to stop...
ref-token-1   | 2026-09-18T08:01:17.248382320Z   [+] FileTransfer address space built
ref-token-1   | 2026-09-18T08:01:17.249086991Z   [+] Dynamic address space built
ref-token-1   | 2026-09-18T08:01:17.249299951Z   [+] InfoBits address space built
ref-token-1   | 2026-09-18T08:01:17.278931640Z   [+] Events &amp; Alarms address space built
ref-token-1   | 2026-09-18T08:01:17.279671394Z   [+] Historical address space built
ref-token-1   | 2026-09-18T08:01:17.280972486Z   [+] Structures address space built
ref-token-1   | 2026-09-18T08:01:17.281941909Z   [+] ExtensionObjects address space built
ref-token-1   | 2026-09-18T08:01:17.283746712Z   [+] AccessControl address space built
ref-token-1   | 2026-09-18T08:01:17.284266090Z   [+] Views address space built
ref-token-1   | 2026-09-18T08:01:17.284297299Z Address space created successfully
ref-token-1   | 2026-09-18T08:01:17.284641968Z   [+] Operation limits: Read=1000, Write=1000, Browse=1000
ref-token-1   | 2026-09-18T08:01:17.309982212Z Server started at opc.tcp://0.0.0.0:4840/UA/TestServer
ref-token-1   | 2026-09-18T08:01:17.310061796Z Press Ctrl+C to stop...
[...]
connector-1      | 2026-09-18T08:19:30.715577378Z warn  device b256-sign: server certificate 65085072a24898863762e6efc570ac295244b054 is accepted without verification (trust_any_server_certificate)
connector-1      | 2026-09-18T08:19:30.716368258Z [2026-09-18 08:19:30.715 (UTC+0000)] [33mwarn/security[0m	Empty trustlist passed. Leaving the previously configured certificate verification in place
connector-1      | 2026-09-18T08:19:30.716610469Z 2026-09-18T08:19:30.716Z warn  device b256-sign: connect failed: certificate invalid: the server certificate is invalid (BadCertificateUseNotAllowed)
connector-1      | 2026-09-18T08:19:30.716620594Z 2026-09-18T08:19:30.716Z info  device b256-sign: retrying in 60s
connector-1      | 2026-09-18T08:19:31.018128230Z [2026-09-18 08:19:31.018 (UTC+0000)] [33mwarn/security[0m	Empty trustlist passed. Leaving the previously configured certificate verification in place
connector-1      | 2026-09-18T08:19:31.018143605Z warn  device b256-seal: server certificate 65085072a24898863762e6efc570ac295244b054 is accepted without verification (trust_any_server_certificate)
connector-1      | 2026-09-18T08:19:31.018493149Z 2026-09-18T08:19:31.018Z warn  device b256-seal: connect failed: certificate invalid: the server certificate is invalid (BadCertificateUseNotAllowed)
connector-1      | 2026-09-18T08:19:31.018515358Z 2026-09-18T08:19:31.018Z info  device b256-seal: retrying in 60s
connector-1      | 2026-09-18T08:19:31.335566022Z [2026-09-18 08:19:31.334 (UTC+0000)] [33mwarn/security[0m	Empty trustlist passed. Leaving the previously configured certificate verification in place
connector-1      | 2026-09-18T08:19:31.335625064Z warn  device aes128: server certificate 65085072a24898863762e6efc570ac295244b054 is accepted without verification (trust_any_server_certificate)
connector-1      | 2026-09-18T08:19:31.336433903Z 2026-09-18T08:19:31.335Z warn  device aes128: connect failed: certificate invalid: the server certificate is invalid (BadCertificateUseNotAllowed)
connector-1      | 2026-09-18T08:19:31.336455487Z 2026-09-18T08:19:31.335Z info  device aes128: retrying in 60s
connector-1      | 2026-09-18T08:19:31.649152120Z [2026-09-18 08:19:31.647 (UTC+0000)] [33mwarn/security[0m	Empty trustlist passed. Leaving the previously configured certificate verification in place
connector-1      | 2026-09-18T08:19:31.649256246Z warn  device aes256: server certificate 65085072a24898863762e6efc570ac295244b054 is accepted without verification (trust_any_server_certificate)
connector-1      | 2026-09-18T08:19:31.649441247Z 2026-09-18T08:19:31.649Z warn  device aes256: connect failed: certificate invalid: the server certificate is invalid (BadCertificateUseNotAllowed)
connector-1      | 2026-09-18T08:19:31.649453872Z 2026-09-18T08:19:31.649Z info  device aes256: retrying in 60s
connector-1      | 2026-09-18T08:19:31.959084691Z [2026-09-18 08:19:31.958 (UTC+0000)] [33mwarn/security[0m	Empty trustlist passed. Leaving the previously configured certificate verification in place
connector-1      | 2026-09-18T08:19:31.959089191Z warn  device legacy-b256: server certificate 65085072a24898863762e6efc570ac295244b054 is accepted without verification (trust_any_server_certificate)
connector-1      | 2026-09-18T08:19:31.959431486Z 2026-09-18T08:19:31.959Z warn  device legacy-b256: connect failed: connect opc.tcp://ref-all:4840/UA/TestServer: BadInternalError
connector-1      | 2026-09-18T08:19:31.959441569Z 2026-09-18T08:19:31.959Z info  device legacy-b256: retrying in 60s
connector-1      | 2026-09-18T08:19:32.263137970Z [2026-09-18 08:19:32.262 (UTC+0000)] [33mwarn/security[0m	Empty trustlist passed. Leaving the previously configured certificate verification in place
connector-1      | 2026-09-18T08:19:32.263197970Z warn  device legacy-b128: server certificate 65085072a24898863762e6efc570ac295244b054 is accepted without verification (trust_any_server_certificate)
connector-1      | 2026-09-18T08:19:32.264084269Z 2026-09-18T08:19:32.263Z warn  device legacy-b128: connect failed: connect opc.tcp://ref-all:4840/UA/TestServer: BadInternalError
connector-1      | 2026-09-18T08:19:32.264102477Z 2026-09-18T08:19:32.263Z info  device legacy-b128: retrying in 60s
connector-1      | 2026-09-18T08:19:32.569079429Z warn  device user: server certificate 65085072a24898863762e6efc570ac295244b054 is accepted without verification (trust_any_server_certificate)
connector-1      | 2026-09-18T08:19:32.569137721Z [2026-09-18 08:19:32.567 (UTC+0000)] [33mwarn/security[0m	Empty trustlist passed. Leaving the previously configured certificate verification in place
connector-1      | 2026-09-18T08:19:32.569945768Z 2026-09-18T08:19:32.568Z warn  device user: connect failed: certificate invalid: the server certificate is invalid (BadCertificateUseNotAllowed)
connector-1      | 2026-09-18T08:19:32.569965810Z 2026-09-18T08:19:32.568Z info  device user: retrying in 60s
connector-1      | 2026-09-18T08:19:32.884737583Z warn  device baduser: server certificate 65085072a24898863762e6efc570ac295244b054 is accepted without verification (trust_any_server_certificate)
connector-1      | 2026-09-18T08:19:32.885669048Z [2026-09-18 08:19:32.884 (UTC+0000)] [33mwarn/security[0m	Empty trustlist passed. Leaving the previously configured certificate verification in place
connector-1      | 2026-09-18T08:19:32.885722340Z 2026-09-18T08:19:32.885Z warn  device baduser: connect failed: certificate invalid: the server certificate is invalid (BadCertificateUseNotAllowed)
connector-1      | 2026-09-18T08:19:32.885726590Z 2026-09-18T08:19:32.885Z info  device baduser: retrying in 60s
connector-1      | 2026-09-18T08:19:33.202414459Z [2026-09-18 08:19:33.201 (UTC+0000)] [33mwarn/security[0m	Empty trustlist passed. Leaving the previously configured certificate verification in place
connector-1      | 2026-09-18T08:19:33.202479543Z warn  device dynamic: server certificate 65085072a24898863762e6efc570ac295244b054 is accepted without verification (trust_any_server_certificate)
connector-1      | 2026-09-18T08:19:33.202690836Z 2026-09-18T08:19:33.202Z warn  device dynamic: connect failed: certificate invalid: the server certificate is invalid (BadCertificateUseNotAllowed)
connector-1      | 2026-09-18T08:19:33.202699920Z 2026-09-18T08:19:33.202Z info  device dynamic: retrying in 60s
connector-1      | 2026-09-18T08:19:33.309785651Z 2026-09-18T08:19:33.309Z warn  device tofu: connect failed: certificate untrusted: the server certificate is not trusted (BadCertificateUntrusted; thumbprint 65085072a24898863762e6efc570ac295244b054, subject O=OPC Foundation, CN=ref-all); trust it with `tedge-dot pki trust 65085072`
connector-1      | 2026-09-18T08:19:33.309811109Z 2026-09-18T08:19:33.309Z info  device tofu: retrying in 60s
connector-1      | 2026-09-18T08:19:33.627132191Z warn  device strict: server certificate 9b5a0760b2e697101b595c87f4ad3f2db975bf2c is accepted without verification (trust_any_server_certificate)
connector-1      | 2026-09-18T08:19:33.627179775Z 2026-09-18T08:19:33.626Z warn  device strict: connect failed: certificate invalid: the server certificate is invalid (BadCertificateUseNotAllowed)
connector-1      | 2026-09-18T08:19:33.627183192Z 2026-09-18T08:19:33.626Z info  device strict: retrying in 60s
connector-1      | 2026-09-18T08:19:33.627188192Z [2026-09-18 08:19:33.625 (UTC+0000)] [33mwarn/security[0m	Empty trustlist passed. Leaving the previously configured certificate verification in place
connector-1      | 2026-09-18T08:19:33.940308910Z 2026-09-18T08:19:33.939Z warn  device ecc: connect failed: no matching endpoint: the server offers no Basic256Sha256/sign_and_encrypt endpoint (it offers http://opcfoundation.org/UA/SecurityPolicy#ECC_nistP256/sign, http://opcfoundation.org/UA/SecurityPolicy#ECC_nistP256/sign_and_encrypt, http://opcfoundation.org/UA/SecurityPolicy#ECC_nistP384/sign, http://opcfoundation.org/UA/SecurityPolicy#ECC_nistP384/sign_and_encrypt)
connector-1      | 2026-09-18T08:19:33.940358577Z 2026-09-18T08:19:33.939Z info  device ecc: retrying in 60s
connector-1      | 2026-09-18T08:19:34.247214083Z warn  device token: server certificate f3a0bb3e0b7a81babd98f68ec420c056d13c49ec is accepted without verification (trust_any_server_certificate)
connector-1      | 2026-09-18T08:19:34.247278834Z [2026-09-18 08:19:34.246 (UTC+0000)] [33mwarn/security[0m	Empty trustlist passed. Leaving the previously configured certificate verification in place
connector-1      | 2026-09-18T08:19:34.247550836Z 2026-09-18T08:19:34.247Z warn  device token: connect failed: certificate invalid: the server certificate is invalid (BadCertificateUseNotAllowed)
connector-1      | 2026-09-18T08:19:34.247591753Z 2026-09-18T08:19:34.247Z info  device token: retrying in 60s
connector-1      | 2026-09-18T08:20:30.934042778Z warn  device b256-sign: server certificate 65085072a24898863762e6efc570ac295244b054 is accepted without verification (trust_any_server_certificate)
connector-1      | 2026-09-18T08:20:30.934070903Z [2026-09-18 08:20:30.934 (UTC+0000)] [33mwarn/security[0m	Empty trustlist passed. Leaving the previously configured certificate verification in place
connector-1      | 2026-09-18T08:20:30.934418781Z 2026-09-18T08:20:30.934Z warn  device b256-sign: connect failed: certificate invalid: the server certificate is invalid (BadCertificateUseNotAllowed)
connector-1      | 2026-09-18T08:20:30.934425781Z 2026-09-18T08:20:30.934Z info  device b256-sign: retrying in 60s
connector-1      | 2026-09-18T08:20:31.237631232Z warn  device b256-seal: server certificate 65085072a24898863762e6efc570ac295244b054 is accepted without verification (trust_any_server_certificate)
connector-1      | 2026-09-18T08:20:31.237694316Z [2026-09-18 08:20:31.237 (UTC+0000)] [33mwarn/security[0m	Empty trustlist passed. Leaving the previously configured certificate verification in place
connector-1      | 2026-09-18T08:20:31.242122431Z 2026-09-18T08:20:31.240Z warn  device b256-seal: connect failed: certificate invalid: the server certificate is invalid (BadCertificateUseNotAllowed)
connector-1      | 2026-09-18T08:20:31.242153681Z 2026-09-18T08:20:31.240Z info  device b256-seal: retrying in 60s
connector-1      | 2026-09-18T08:20:31.545502799Z [2026-09-18 08:20:31.545 (UTC+0000)] [33mwarn/security[0m	Empty trustlist passed. Leaving the previously configured certificate verification in place
connector-1      | 2026-09-18T08:20:31.545576758Z warn  device aes128: server certificate 65085072a24898863762e6efc570ac295244b054 is accepted without verification (trust_any_server_certificate)
connector-1      | 2026-09-18T08:20:31.546802684Z 2026-09-18T08:20:31.546Z warn  device aes128: connect failed: certificate invalid: the server certificate is invalid (BadCertificateUseNotAllowed)
connector-1      | 2026-09-18T08:20:31.546830975Z 2026-09-18T08:20:31.546Z info  device aes128: retrying in 60s
connector-1      | 2026-09-18T08:20:31.864483196Z warn  device aes256: server certificate 65085072a24898863762e6efc570ac295244b054 is accepted without verification (trust_any_server_certificate)
connector-1      | 2026-09-18T08:20:31.864733406Z [2026-09-18 08:20:31.864 (UTC+0000)] [33mwarn/security[0m	Empty trustlist passed. Leaving the previously configured certificate verification in place
connector-1      | 2026-09-18T08:20:31.867823970Z 2026-09-18T08:20:31.867Z warn  device aes256: connect failed: certificate invalid: the server certificate is invalid (BadCertificateUseNotAllowed)
connector-1      | 2026-09-18T08:20:31.867859720Z 2026-09-18T08:20:31.867Z info  device aes256: retrying in 60s
connector-1      | 2026-09-18T08:20:32.174191485Z [2026-09-18 08:20:32.173 (UTC+0000)] [33mwarn/security[0m	Empty trustlist passed. Leaving the previously configured certificate verification in place
connector-1      | 2026-09-18T08:20:32.174191985Z warn  device legacy-b256: server certificate 65085072a24898863762e6efc570ac295244b054 is accepted without verification (trust_any_server_certificate)
connector-1      | 2026-09-18T08:20:32.174921823Z 2026-09-18T08:20:32.174Z warn  device legacy-b256: connect failed: connect opc.tcp://ref-all:4840/UA/TestServer: BadInternalError
connector-1      | 2026-09-18T08:20:32.175004157Z 2026-09-18T08:20:32.174Z info  device legacy-b256: retrying in 60s
connector-1      | 2026-09-18T08:20:32.483836814Z warn  device legacy-b128: server certificate 65085072a24898863762e6efc570ac295244b054 is accepted without verification (trust_any_server_certificate)
connector-1      | 2026-09-18T08:20:32.483897356Z [2026-09-18 08:20:32.483 (UTC+0000)] [33mwarn/security[0m	Empty trustlist passed. Leaving the previously configured certificate verification in place
connector-1      | 2026-09-18T08:20:32.484249067Z 2026-09-18T08:20:32.484Z warn  device legacy-b128: connect failed: connect opc.tcp://ref-all:4840/UA/TestServer: BadInternalError
connector-1      | 2026-09-18T08:20:32.484263025Z 2026-09-18T08:20:32.484Z info  device legacy-b128: retrying in 60s
connector-1      | 2026-09-18T08:20:32.809322382Z warn  device user: server certificate 65085072a24898863762e6efc570ac295244b054 is accepted without verification (trust_any_server_certificate)
connector-1      | 2026-09-18T08:20:32.809417424Z [2026-09-18 08:20:32.804 (UTC+0000)] [33mwarn/security[0m	Empty trustlist passed. Leaving the previously configured certificate verification in place
connector-1      | 2026-09-18T08:20:32.809602008Z 2026-09-18T08:20:32.809Z warn  device user: connect failed: certificate invalid: the server certificate is invalid (BadCertificateUseNotAllowed)
connector-1      | 2026-09-18T08:20:32.809618842Z 2026-09-18T08:20:32.809Z info  device user: retrying in 60s
connector-1      | 2026-09-18T08:20:33.133738274Z warn  device baduser: server certificate 65085072a24898863762e6efc570ac295244b054 is accepted without verification (trust_any_server_certificate)
connector-1      | 2026-09-18T08:20:33.133819900Z [2026-09-18 08:20:33.133 (UTC+0000)] [33mwarn/security[0m	Empty trustlist passed. Leaving the previously configured certificate verification in place
connector-1      | 2026-09-18T08:20:33.134369112Z 2026-09-18T08:20:33.134Z warn  device baduser: connect failed: certificate invalid: the server certificate is invalid (BadCertificateUseNotAllowed)
connector-1      | 2026-09-18T08:20:33.134400904Z 2026-09-18T08:20:33.134Z info  device baduser: retrying in 60s
connector-1      | 2026-09-18T08:20:33.451145534Z warn  device dynamic: server certificate 65085072a24898863762e6efc570ac295244b054 is accepted without verification (trust_any_server_certificate)
connector-1      | 2026-09-18T08:20:33.451209159Z [2026-09-18 08:20:33.450 (UTC+0000)] [33mwarn/security[0m	Empty trustlist passed. Leaving the previously configured certificate verification in place
connector-1      | 2026-09-18T08:20:33.452657920Z 2026-09-18T08:20:33.451Z warn  device dynamic: connect failed: certificate invalid: the server certificate is invalid (BadCertificateUseNotAllowed)
connector-1      | 2026-09-18T08:20:33.452688420Z 2026-09-18T08:20:33.451Z info  device dynamic: retrying in 60s
connector-1      | 2026-09-18T08:20:33.561081108Z 2026-09-18T08:20:33.560Z warn  device tofu: connect failed: certificate untrusted: the server certificate is not trusted (BadCertificateUntrusted; thumbprint 65085072a24898863762e6efc570ac295244b054, subject O=OPC Foundation, CN=ref-all); trust it with `tedge-dot pki trust 65085072`
connector-1      | 2026-09-18T08:20:33.561117150Z 2026-09-18T08:20:33.560Z info  device tofu: retrying in 60s
connector-1      | 2026-09-18T08:20:33.887013386Z [2026-09-18 08:20:33.886 (UTC+0000)] [33mwarn/security[0m	Empty trustlist passed. Leaving the previously configured certificate verification in place
connector-1      | 2026-09-18T08:20:33.887036303Z warn  device strict: server certificate 9b5a0760b2e697101b595c87f4ad3f2db975bf2c is accepted without verification (trust_any_server_certificate)
connector-1      | 2026-09-18T08:20:33.887551765Z 2026-09-18T08:20:33.887Z warn  device strict: connect failed: certificate invalid: the server certificate is invalid (BadCertificateUseNotAllowed)
connector-1      | 2026-09-18T08:20:33.887573807Z 2026-09-18T08:20:33.887Z info  device strict: retrying in 60s
connector-1      | 2026-09-18T08:20:34.200060531Z 2026-09-18T08:20:34.199Z warn  device ecc: connect failed: no matching endpoint: the server offers no Basic256Sha256/sign_and_encrypt endpoint (it offers http://opcfoundation.org/UA/SecurityPolicy#ECC_nistP256/sign, http://opcfoundation.org/UA/SecurityPolicy#ECC_nistP256/sign_and_encrypt, http://opcfoundation.org/UA/SecurityPolicy#ECC_nistP384/sign, http://opcfoundation.org/UA/SecurityPolicy#ECC_nistP384/sign_and_encrypt)
connector-1      | 2026-09-18T08:20:34.200092781Z 2026-09-18T08:20:34.199Z info  device ecc: retrying in 60s
connector-1      | 2026-09-18T08:20:34.519779556Z [2026-09-18 08:20:34.519 (UTC+0000)] [33mwarn/security[0m	Empty trustlist passed. Leaving the previously configured certificate verification in place
connector-1      | 2026-09-18T08:20:34.519809765Z warn  device token: server certificate f3a0bb3e0b7a81babd98f68ec420c056d13c49ec is accepted without verification (trust_any_server_certificate)
connector-1      | 2026-09-18T08:20:34.520051308Z 2026-09-18T08:20:34.519Z warn  device token: connect failed: certificate invalid: the server certificate is invalid (BadCertificateUseNotAllowed)
connector-1      | 2026-09-18T08:20:34.520062933Z 2026-09-18T08:20:34.519Z info  device token: retrying in 60s</msg>
<doc>Get the container logs (docker compose logs) of one or all services
of the compose stack a device belongs to.</doc>
<status status="PASS" start="2026-09-18T10:21:28.952790" elapsed="0.190742"/>
</kw>
<doc>Container logs of every service of the stack (docker compose logs).</doc>
<status status="PASS" start="2026-09-18T10:21:28.952666" elapsed="0.191108"/>
</kw>
<arg>Collect Stack Logs</arg>
<doc>Runs the given keyword with the given arguments and ignores possible error.</doc>
<status status="PASS" start="2026-09-18T10:21:28.952430" elapsed="0.191394"/>
</kw>
<kw name="Run Keyword And Ignore Error" owner="BuiltIn">
<kw name="Disconnect Broker" owner="MqttClient">
<doc>Stop the network loop and disconnect.</doc>
<status status="PASS" start="2026-09-18T10:21:29.144305" elapsed="0.313965"/>
</kw>
<arg>Disconnect Broker</arg>
<doc>Runs the given keyword with the given arguments and ignores possible error.</doc>
<status status="PASS" start="2026-09-18T10:21:29.144099" elapsed="0.314242"/>
</kw>
<doc>Disconnect from the broker and, when the test failed, dump the stack's
container logs into the Robot log. DeviceLibrary stops and removes the compose
project (containers, network, volumes) itself when the suite ends.</doc>
<status status="PASS" start="2026-09-18T10:21:28.951583" elapsed="0.506868"/>
</kw>
<doc>Interoperability with a third-party OPC UA stack: the connector against the
OPC Foundation UA-.NETStandard reference server (php-opcua/uanetstandard-
test-suite, MIT). Everything else we test against is a server this project
wrote, so a misreading of the specification is invisible to it; this suite
exists to catch that.

One device per situation (connectors/opcua/interop/connector.toml.in, whose
namespace index is resolved at startup by resolve-ns.py).

Run via:  just test-interop opcua   (and just test-interop-c opcua)</doc>
<status status="FAIL" start="2026-09-18T10:01:12.272152" elapsed="1217.186370"/>
</suite>
<status status="FAIL" start="2026-09-18T10:01:12.254854" elapsed="1219.026450"/>
</suite>
<statistics>
<total>
<stat pass="4" fail="8" skip="0">All Tests</stat>
</total>
<tag>
</tag>
<suite>
<stat pass="4" fail="8" skip="0" id="s1" name="Tests">Tests</stat>
<stat pass="4" fail="8" skip="0" id="s1-s1" name="Opcua Interop">Tests.Opcua Interop</stat>
</suite>
</statistics>
<errors>
</errors>
</robot>
